{"/home/travis/build/npmtest/node-npmtest-camo/test.js":{"path":"/home/travis/build/npmtest/node-npmtest-camo/test.js","s":{"1":2,"2":2,"3":2,"4":2,"5":2,"6":2,"7":2,"8":1,"9":2,"10":2,"11":1,"12":1,"13":1,"14":1,"15":2,"16":2,"17":2,"18":2,"19":1,"20":1,"21":2,"22":2,"23":2,"24":1,"25":1,"26":1,"27":1,"28":1,"29":1,"30":1,"31":1,"32":1,"33":1,"34":1,"35":1,"36":1,"37":1,"38":1,"39":2,"40":2,"41":1,"42":2,"43":2,"44":1,"45":2,"46":2,"47":1,"48":2,"49":2,"50":1,"51":1,"52":1,"53":1,"54":1},"b":{"1":[2,1,1,1],"2":[1,1,1,1],"3":[1,1],"4":[1,1],"5":[1,1],"6":[1,1],"7":[1,1],"8":[1,1],"9":[1,1],"10":[1,1,1],"11":[1,1],"12":[1,1],"13":[1,1],"14":[1,1],"15":[1,1],"16":[1,1],"17":[1,1]},"f":{"1":2,"2":2,"3":2,"4":2,"5":2,"6":1,"7":1,"8":1,"9":2,"10":2,"11":2,"12":2,"13":1},"fnMap":{"1":{"name":"(anonymous_1)","line":12,"loc":{"start":{"line":12,"column":1},"end":{"line":12,"column":13}}},"2":{"name":"(anonymous_2)","line":19,"loc":{"start":{"line":19,"column":5},"end":{"line":19,"column":17}}},"3":{"name":"(anonymous_3)","line":23,"loc":{"start":{"line":23,"column":24},"end":{"line":23,"column":36}}},"4":{"name":"(anonymous_4)","line":61,"loc":{"start":{"line":61,"column":5},"end":{"line":61,"column":17}}},"5":{"name":"(anonymous_5)","line":82,"loc":{"start":{"line":82,"column":5},"end":{"line":82,"column":17}}},"6":{"name":"(anonymous_6)","line":91,"loc":{"start":{"line":91,"column":77},"end":{"line":94,"column":10}}},"7":{"name":"(anonymous_7)","line":112,"loc":{"start":{"line":112,"column":83},"end":{"line":115,"column":10}},"skip":true},"8":{"name":"(anonymous_8)","line":123,"loc":{"start":{"line":123,"column":77},"end":{"line":126,"column":10}},"skip":true},"9":{"name":"(anonymous_9)","line":139,"loc":{"start":{"line":139,"column":12},"end":{"line":139,"column":40}},"skip":true},"10":{"name":"(anonymous_10)","line":147,"loc":{"start":{"line":147,"column":77},"end":{"line":150,"column":10}},"skip":true},"11":{"name":"(anonymous_11)","line":158,"loc":{"start":{"line":158,"column":83},"end":{"line":161,"column":10}},"skip":true},"12":{"name":"(anonymous_12)","line":169,"loc":{"start":{"line":169,"column":79},"end":{"line":172,"column":10}},"skip":true},"13":{"name":"(anonymous_13)","line":180,"loc":{"start":{"line":180,"column":75},"end":{"line":183,"column":10}},"skip":true}},"statementMap":{"1":{"start":{"line":12,"column":0},"end":{"line":195,"column":5}},"2":{"start":{"line":14,"column":4},"end":{"line":14,"column":14}},"3":{"start":{"line":19,"column":4},"end":{"line":56,"column":9}},"4":{"start":{"line":21,"column":8},"end":{"line":21,"column":19}},"5":{"start":{"line":23,"column":8},"end":{"line":35,"column":13}},"6":{"start":{"line":24,"column":12},"end":{"line":34,"column":13}},"7":{"start":{"line":25,"column":16},"end":{"line":28,"column":30}},"8":{"start":{"line":30,"column":16},"end":{"line":33,"column":27}},"9":{"start":{"line":37,"column":8},"end":{"line":39,"column":21}},"10":{"start":{"line":40,"column":8},"end":{"line":53,"column":9}},"11":{"start":{"line":43,"column":12},"end":{"line":46,"column":14}},"12":{"start":{"line":47,"column":12},"end":{"line":47,"column":18}},"13":{"start":{"line":50,"column":12},"end":{"line":51,"column":33}},"14":{"start":{"line":52,"column":12},"end":{"line":52,"column":18}},"15":{"start":{"line":55,"column":8},"end":{"line":55,"column":35}},"16":{"start":{"line":61,"column":4},"end":{"line":63,"column":9}},"17":{"start":{"line":62,"column":8},"end":{"line":62,"column":15}},"18":{"start":{"line":64,"column":4},"end":{"line":77,"column":5}},"19":{"start":{"line":70,"column":8},"end":{"line":70,"column":14}},"20":{"start":{"line":76,"column":8},"end":{"line":76,"column":14}},"21":{"start":{"line":82,"column":4},"end":{"line":84,"column":9}},"22":{"start":{"line":83,"column":8},"end":{"line":83,"column":15}},"23":{"start":{"line":85,"column":4},"end":{"line":194,"column":5}},"24":{"start":{"line":91,"column":8},"end":{"line":99,"column":10}},"25":{"start":{"line":98,"column":12},"end":{"line":98,"column":35}},"26":{"start":{"line":102,"column":8},"end":{"line":104,"column":63}},"27":{"start":{"line":105,"column":8},"end":{"line":105,"column":14}},"28":{"start":{"line":112,"column":8},"end":{"line":121,"column":10},"skip":true},"29":{"start":{"line":119,"column":12},"end":{"line":119,"column":55},"skip":true},"30":{"start":{"line":120,"column":12},"end":{"line":120,"column":48},"skip":true},"31":{"start":{"line":123,"column":8},"end":{"line":136,"column":10},"skip":true},"32":{"start":{"line":130,"column":12},"end":{"line":130,"column":76},"skip":true},"33":{"start":{"line":131,"column":12},"end":{"line":131,"column":73},"skip":true},"34":{"start":{"line":132,"column":12},"end":{"line":132,"column":74},"skip":true},"35":{"start":{"line":133,"column":12},"end":{"line":133,"column":79},"skip":true},"36":{"start":{"line":134,"column":12},"end":{"line":134,"column":25},"skip":true},"37":{"start":{"line":135,"column":12},"end":{"line":135,"column":45},"skip":true},"38":{"start":{"line":138,"column":8},"end":{"line":145,"column":14},"skip":true},"39":{"start":{"line":143,"column":16},"end":{"line":143,"column":29},"skip":true},"40":{"start":{"line":144,"column":16},"end":{"line":144,"column":55},"skip":true},"41":{"start":{"line":147,"column":8},"end":{"line":156,"column":10},"skip":true},"42":{"start":{"line":154,"column":12},"end":{"line":154,"column":25},"skip":true},"43":{"start":{"line":155,"column":12},"end":{"line":155,"column":45},"skip":true},"44":{"start":{"line":158,"column":8},"end":{"line":167,"column":10},"skip":true},"45":{"start":{"line":165,"column":12},"end":{"line":165,"column":25},"skip":true},"46":{"start":{"line":166,"column":12},"end":{"line":166,"column":48},"skip":true},"47":{"start":{"line":169,"column":8},"end":{"line":178,"column":10},"skip":true},"48":{"start":{"line":176,"column":12},"end":{"line":176,"column":25},"skip":true},"49":{"start":{"line":177,"column":12},"end":{"line":177,"column":46},"skip":true},"50":{"start":{"line":180,"column":8},"end":{"line":189,"column":10},"skip":true},"51":{"start":{"line":187,"column":12},"end":{"line":187,"column":94},"skip":true},"52":{"start":{"line":188,"column":12},"end":{"line":188,"column":48},"skip":true},"53":{"start":{"line":192,"column":8},"end":{"line":192,"column":35},"skip":true},"54":{"start":{"line":193,"column":8},"end":{"line":193,"column":14},"skip":true}},"branchMap":{"1":{"line":25,"type":"binary-expr","locations":[{"start":{"line":25,"column":23},"end":{"line":25,"column":62}},{"start":{"line":26,"column":20},"end":{"line":26,"column":70}},{"start":{"line":27,"column":20},"end":{"line":27,"column":71}},{"start":{"line":28,"column":20},"end":{"line":28,"column":29}}]},"2":{"line":30,"type":"binary-expr","locations":[{"start":{"line":30,"column":23},"end":{"line":30,"column":37}},{"start":{"line":31,"column":20},"end":{"line":31,"column":61}},{"start":{"line":32,"column":20},"end":{"line":32,"column":70}},{"start":{"line":33,"column":20},"end":{"line":33,"column":26}}]},"3":{"line":37,"type":"cond-expr","locations":[{"start":{"line":38,"column":14},"end":{"line":38,"column":20}},{"start":{"line":39,"column":14},"end":{"line":39,"column":20}}]},"4":{"line":40,"type":"switch","locations":[{"start":{"line":42,"column":8},"end":{"line":47,"column":18}},{"start":{"line":49,"column":8},"end":{"line":52,"column":18}}]},"5":{"line":44,"type":"binary-expr","locations":[{"start":{"line":44,"column":16},"end":{"line":44,"column":44}},{"start":{"line":44,"column":48},"end":{"line":44,"column":66}}]},"6":{"line":50,"type":"binary-expr","locations":[{"start":{"line":50,"column":21},"end":{"line":50,"column":49}},{"start":{"line":50,"column":53},"end":{"line":50,"column":72}}]},"7":{"line":64,"type":"switch","locations":[{"start":{"line":69,"column":4},"end":{"line":70,"column":14}},{"start":{"line":75,"column":4},"end":{"line":76,"column":14}}]},"8":{"line":85,"type":"switch","locations":[{"start":{"line":90,"column":4},"end":{"line":105,"column":14}},{"start":{"line":111,"column":4},"end":{"line":193,"column":14},"skip":true}]},"9":{"line":91,"type":"binary-expr","locations":[{"start":{"line":91,"column":42},"end":{"line":91,"column":73}},{"start":{"line":91,"column":77},"end":{"line":99,"column":9}}]},"10":{"line":102,"type":"binary-expr","locations":[{"start":{"line":102,"column":18},"end":{"line":102,"column":32}},{"start":{"line":103,"column":12},"end":{"line":103,"column":53}},{"start":{"line":104,"column":12},"end":{"line":104,"column":61}}]},"11":{"line":112,"type":"binary-expr","locations":[{"start":{"line":112,"column":45},"end":{"line":112,"column":79},"skip":true},{"start":{"line":112,"column":83},"end":{"line":121,"column":9},"skip":true}]},"12":{"line":123,"type":"binary-expr","locations":[{"start":{"line":123,"column":42},"end":{"line":123,"column":73},"skip":true},{"start":{"line":123,"column":77},"end":{"line":136,"column":9},"skip":true}]},"13":{"line":138,"type":"binary-expr","locations":[{"start":{"line":138,"column":48},"end":{"line":138,"column":85},"skip":true},{"start":{"line":139,"column":12},"end":{"line":145,"column":13},"skip":true}]},"14":{"line":147,"type":"binary-expr","locations":[{"start":{"line":147,"column":42},"end":{"line":147,"column":73},"skip":true},{"start":{"line":147,"column":77},"end":{"line":156,"column":9},"skip":true}]},"15":{"line":158,"type":"binary-expr","locations":[{"start":{"line":158,"column":45},"end":{"line":158,"column":79},"skip":true},{"start":{"line":158,"column":83},"end":{"line":167,"column":9},"skip":true}]},"16":{"line":169,"type":"binary-expr","locations":[{"start":{"line":169,"column":43},"end":{"line":169,"column":75},"skip":true},{"start":{"line":169,"column":79},"end":{"line":178,"column":9},"skip":true}]},"17":{"line":180,"type":"binary-expr","locations":[{"start":{"line":180,"column":41},"end":{"line":180,"column":71},"skip":true},{"start":{"line":180,"column":75},"end":{"line":189,"column":9},"skip":true}]}},"code":["/* istanbul instrument in package npmtest_camo */","/*jslint","    bitwise: true,","    browser: true,","    maxerr: 8,","    maxlen: 96,","    node: true,","    nomen: true,","    regexp: true,","    stupid: true","*/","(function () {","    'use strict';","    var local;","","","","    // run shared js-env code - pre-init","    (function () {","        // init local","        local = {};","        // init modeJs","        local.modeJs = (function () {","            try {","                return typeof navigator.userAgent === 'string' &&","                    typeof document.querySelector('body') === 'object' &&","                    typeof XMLHttpRequest.prototype.open === 'function' &&","                    'browser';","            } catch (errorCaughtBrowser) {","                return module.exports &&","                    typeof process.versions.node === 'string' &&","                    typeof require('http').createServer === 'function' &&","                    'node';","            }","        }());","        // init global","        local.global = local.modeJs === 'browser'","            ? window","            : global;","        switch (local.modeJs) {","        // re-init local from window.local","        case 'browser':","            local = local.global.utility2.objectSetDefault(","                local.global.utility2_rollup || local.global.local,","                local.global.utility2","            );","            break;","        // re-init local from example.js","        case 'node':","            local = (local.global.utility2_rollup || require('utility2'))","                .requireReadme();","            break;","        }","        // export local","        local.global.local = local;","    }());","","","","    // run shared js-env code - function","    (function () {","        return;","    }());","    switch (local.modeJs) {","","","","    // run browser js-env code - function","    case 'browser':","        break;","","","","    // run node js-env code - function","    case 'node':","        break;","    }","","","","    // run shared js-env code - post-init","    (function () {","        return;","    }());","    switch (local.modeJs) {","","","","    // run browser js-env code - post-init","    case 'browser':","        local.testCase_browser_nullCase = local.testCase_browser_nullCase || function (","            options,","            onError","        ) {","        /*","         * this function will test browsers's null-case handling-behavior-behavior","         */","            onError(null, options);","        };","","        // run tests","        local.nop(local.modeTest &&","            document.querySelector('#testRunButton1') &&","            document.querySelector('#testRunButton1').click());","        break;","","","","    // run node js-env code - post-init","    /* istanbul ignore next */","    case 'node':","        local.testCase_buildApidoc_default = local.testCase_buildApidoc_default || function (","            options,","            onError","        ) {","        /*","         * this function will test buildApidoc's default handling-behavior-behavior","         */","            options = { modulePathList: module.paths };","            local.buildApidoc(options, onError);","        };","","        local.testCase_buildApp_default = local.testCase_buildApp_default || function (","            options,","            onError","        ) {","        /*","         * this function will test buildApp's default handling-behavior-behavior","         */","            local.testCase_buildReadme_default(options, local.onErrorThrow);","            local.testCase_buildLib_default(options, local.onErrorThrow);","            local.testCase_buildTest_default(options, local.onErrorThrow);","            local.testCase_buildCustomOrg_default(options, local.onErrorThrow);","            options = [];","            local.buildApp(options, onError);","        };","","        local.testCase_buildCustomOrg_default = local.testCase_buildCustomOrg_default ||","            function (options, onError) {","            /*","             * this function will test buildCustomOrg's default handling-behavior","             */","                options = {};","                local.buildCustomOrg(options, onError);","            };","","        local.testCase_buildLib_default = local.testCase_buildLib_default || function (","            options,","            onError","        ) {","        /*","         * this function will test buildLib's default handling-behavior","         */","            options = {};","            local.buildLib(options, onError);","        };","","        local.testCase_buildReadme_default = local.testCase_buildReadme_default || function (","            options,","            onError","        ) {","        /*","         * this function will test buildReadme's default handling-behavior-behavior","         */","            options = {};","            local.buildReadme(options, onError);","        };","","        local.testCase_buildTest_default = local.testCase_buildTest_default || function (","            options,","            onError","        ) {","        /*","         * this function will test buildTest's default handling-behavior","         */","            options = {};","            local.buildTest(options, onError);","        };","","        local.testCase_webpage_default = local.testCase_webpage_default || function (","            options,","            onError","        ) {","        /*","         * this function will test webpage's default handling-behavior","         */","            options = { modeCoverageMerge: true, url: local.serverLocalHost + '?modeTest=1' };","            local.browserTest(options, onError);","        };","","        // run test-server","        local.testRunServer(local);","        break;","    }","}());",""],"l":{"12":2,"14":2,"19":2,"21":2,"23":2,"24":2,"25":2,"30":1,"37":2,"40":2,"43":1,"47":1,"50":1,"52":1,"55":2,"61":2,"62":2,"64":2,"70":1,"76":1,"82":2,"83":2,"85":2,"91":1,"98":1,"102":1,"105":1,"112":1,"119":1,"120":1,"123":1,"130":1,"131":1,"132":1,"133":1,"134":1,"135":1,"138":1,"143":2,"144":2,"147":1,"154":2,"155":2,"158":1,"165":2,"166":2,"169":1,"176":2,"177":2,"180":1,"187":1,"188":1,"192":1,"193":1}},"/home/travis/build/npmtest/node-npmtest-camo/lib.npmtest_camo.js":{"path":"/home/travis/build/npmtest/node-npmtest-camo/lib.npmtest_camo.js","s":{"1":2,"2":2,"3":2,"4":2,"5":2,"6":2,"7":2,"8":1,"9":2,"10":2,"11":2,"12":2,"13":1,"14":1,"15":1,"16":1},"b":{"1":[2,1,1,1],"2":[1,1,1,1],"3":[1,1],"4":[2,2],"5":[1,1]},"f":{"1":2,"2":2,"3":2},"fnMap":{"1":{"name":"(anonymous_1)","line":12,"loc":{"start":{"line":12,"column":1},"end":{"line":12,"column":13}}},"2":{"name":"(anonymous_2)","line":19,"loc":{"start":{"line":19,"column":5},"end":{"line":19,"column":17}}},"3":{"name":"(anonymous_3)","line":23,"loc":{"start":{"line":23,"column":24},"end":{"line":23,"column":36}}}},"statementMap":{"1":{"start":{"line":12,"column":0},"end":{"line":53,"column":5}},"2":{"start":{"line":14,"column":4},"end":{"line":14,"column":14}},"3":{"start":{"line":19,"column":4},"end":{"line":52,"column":9}},"4":{"start":{"line":21,"column":8},"end":{"line":21,"column":19}},"5":{"start":{"line":23,"column":8},"end":{"line":35,"column":13}},"6":{"start":{"line":24,"column":12},"end":{"line":34,"column":13}},"7":{"start":{"line":25,"column":16},"end":{"line":28,"column":30}},"8":{"start":{"line":30,"column":16},"end":{"line":33,"column":27}},"9":{"start":{"line":37,"column":8},"end":{"line":39,"column":21}},"10":{"start":{"line":41,"column":8},"end":{"line":41,"column":54}},"11":{"start":{"line":43,"column":8},"end":{"line":43,"column":49}},"12":{"start":{"line":45,"column":8},"end":{"line":51,"column":9}},"13":{"start":{"line":46,"column":12},"end":{"line":46,"column":55}},"14":{"start":{"line":48,"column":12},"end":{"line":48,"column":35}},"15":{"start":{"line":49,"column":12},"end":{"line":49,"column":49}},"16":{"start":{"line":50,"column":12},"end":{"line":50,"column":43}}},"branchMap":{"1":{"line":25,"type":"binary-expr","locations":[{"start":{"line":25,"column":23},"end":{"line":25,"column":62}},{"start":{"line":26,"column":20},"end":{"line":26,"column":70}},{"start":{"line":27,"column":20},"end":{"line":27,"column":71}},{"start":{"line":28,"column":20},"end":{"line":28,"column":29}}]},"2":{"line":30,"type":"binary-expr","locations":[{"start":{"line":30,"column":23},"end":{"line":30,"column":37}},{"start":{"line":31,"column":20},"end":{"line":31,"column":61}},{"start":{"line":32,"column":20},"end":{"line":32,"column":70}},{"start":{"line":33,"column":20},"end":{"line":33,"column":26}}]},"3":{"line":37,"type":"cond-expr","locations":[{"start":{"line":38,"column":14},"end":{"line":38,"column":20}},{"start":{"line":39,"column":14},"end":{"line":39,"column":20}}]},"4":{"line":41,"type":"binary-expr","locations":[{"start":{"line":41,"column":16},"end":{"line":41,"column":44}},{"start":{"line":41,"column":48},"end":{"line":41,"column":53}}]},"5":{"line":45,"type":"if","locations":[{"start":{"line":45,"column":8},"end":{"line":45,"column":8}},{"start":{"line":45,"column":8},"end":{"line":45,"column":8}}]}},"code":["/* istanbul instrument in package npmtest_camo */","/*jslint","    bitwise: true,","    browser: true,","    maxerr: 8,","    maxlen: 96,","    node: true,","    nomen: true,","    regexp: true,","    stupid: true","*/","(function () {","    'use strict';","    var local;","","","","    // run shared js-env code - pre-init","    (function () {","        // init local","        local = {};","        // init modeJs","        local.modeJs = (function () {","            try {","                return typeof navigator.userAgent === 'string' &&","                    typeof document.querySelector('body') === 'object' &&","                    typeof XMLHttpRequest.prototype.open === 'function' &&","                    'browser';","            } catch (errorCaughtBrowser) {","                return module.exports &&","                    typeof process.versions.node === 'string' &&","                    typeof require('http').createServer === 'function' &&","                    'node';","            }","        }());","        // init global","        local.global = local.modeJs === 'browser'","            ? window","            : global;","        // init utility2_rollup","        local = local.global.utility2_rollup || local;","        // init lib","        local.local = local.npmtest_camo = local;","        // init exports","        if (local.modeJs === 'browser') {","            local.global.utility2_npmtest_camo = local;","        } else {","            module.exports = local;","            module.exports.__dirname = __dirname;","            module.exports.module = module;","        }","    }());","}());",""],"l":{"12":2,"14":2,"19":2,"21":2,"23":2,"24":2,"25":2,"30":1,"37":2,"41":2,"43":2,"45":2,"46":1,"48":1,"49":1,"50":1}},"/home/travis/build/npmtest/node-npmtest-camo/example.js":{"path":"/home/travis/build/npmtest/node-npmtest-camo/example.js","s":{"1":2,"2":2,"3":2,"4":2,"5":2,"6":2,"7":2,"8":1,"9":2,"10":2,"11":2,"12":2,"13":1,"14":2,"15":2,"16":2,"17":2,"18":2,"19":0,"20":2,"21":1,"22":1,"23":1,"24":1,"25":1,"26":0,"27":0,"28":1,"29":1,"30":2,"31":0,"32":0,"33":0,"34":1,"35":2,"36":2,"37":3,"38":3,"39":3,"40":3,"41":0,"42":3,"43":3,"44":3,"45":1,"46":3,"47":1,"48":1,"49":1,"50":1,"51":1,"52":1,"53":1,"54":1,"55":1,"56":1,"57":0,"58":1,"59":6,"60":6,"61":1,"62":2,"63":0,"64":2,"65":1,"66":1,"67":0,"68":0,"69":0,"70":0,"71":0,"72":0,"73":0,"74":0,"75":0,"76":0,"77":0,"78":0,"79":0,"80":0,"81":0,"82":0,"83":0},"b":{"1":[2,1,1,1],"2":[1,1,1,1],"3":[1,1],"4":[2,2],"5":[1,1],"6":[1,1],"7":[2,0],"8":[2,1,1,1,1,1],"9":[0,2,0],"10":[1,1],"11":[2,1,1],"12":[1,0],"13":[0,2],"14":[2,0,0,0,0,0,0],"15":[0,3],"16":[3,0],"17":[1,1],"18":[0,1],"19":[1,2,0,2],"20":[1,0],"21":[1,1],"22":[0,0],"23":[0,0],"24":[0,0],"25":[0,0],"26":[0,0],"27":[0,0],"28":[0,0]},"f":{"1":2,"2":2,"3":2,"4":2,"5":2,"6":2,"7":3,"8":3,"9":3,"10":1,"11":6,"12":0},"fnMap":{"1":{"name":"(anonymous_1)","line":26,"loc":{"start":{"line":26,"column":1},"end":{"line":26,"column":13}}},"2":{"name":"(anonymous_2)","line":33,"loc":{"start":{"line":33,"column":5},"end":{"line":33,"column":17}}},"3":{"name":"(anonymous_3)","line":37,"loc":{"start":{"line":37,"column":24},"end":{"line":37,"column":36}}},"4":{"name":"(anonymous_4)","line":69,"loc":{"start":{"line":69,"column":31},"end":{"line":69,"column":48}},"skip":true},"5":{"name":"(anonymous_5)","line":78,"loc":{"start":{"line":78,"column":26},"end":{"line":78,"column":45}},"skip":true},"6":{"name":"(anonymous_6)","line":123,"loc":{"start":{"line":123,"column":33},"end":{"line":123,"column":48}},"skip":true},"7":{"name":"(anonymous_7)","line":125,"loc":{"start":{"line":125,"column":27},"end":{"line":125,"column":39}},"skip":true},"8":{"name":"(anonymous_8)","line":133,"loc":{"start":{"line":133,"column":59},"end":{"line":133,"column":74}},"skip":true},"9":{"name":"(anonymous_9)","line":143,"loc":{"start":{"line":143,"column":45},"end":{"line":143,"column":62}},"skip":true},"10":{"name":"(anonymous_10)","line":144,"loc":{"start":{"line":144,"column":73},"end":{"line":144,"column":92}},"skip":true},"11":{"name":"(anonymous_11)","line":272,"loc":{"start":{"line":272,"column":51},"end":{"line":272,"column":77}},"skip":true},"12":{"name":"(anonymous_12)","line":315,"loc":{"start":{"line":315,"column":32},"end":{"line":315,"column":61}},"skip":true}},"statementMap":{"1":{"start":{"line":26,"column":0},"end":{"line":326,"column":5}},"2":{"start":{"line":28,"column":4},"end":{"line":28,"column":14}},"3":{"start":{"line":33,"column":4},"end":{"line":60,"column":9}},"4":{"start":{"line":35,"column":8},"end":{"line":35,"column":19}},"5":{"start":{"line":37,"column":8},"end":{"line":49,"column":13}},"6":{"start":{"line":38,"column":12},"end":{"line":48,"column":13}},"7":{"start":{"line":39,"column":16},"end":{"line":42,"column":30}},"8":{"start":{"line":44,"column":16},"end":{"line":47,"column":27}},"9":{"start":{"line":51,"column":8},"end":{"line":53,"column":21}},"10":{"start":{"line":55,"column":8},"end":{"line":57,"column":45}},"11":{"start":{"line":59,"column":8},"end":{"line":59,"column":35}},"12":{"start":{"line":61,"column":4},"end":{"line":325,"column":5}},"13":{"start":{"line":69,"column":8},"end":{"line":121,"column":10},"skip":true},"14":{"start":{"line":70,"column":12},"end":{"line":88,"column":13},"skip":true},"15":{"start":{"line":76,"column":16},"end":{"line":87,"column":19},"skip":true},"16":{"start":{"line":79,"column":20},"end":{"line":86,"column":21},"skip":true},"17":{"start":{"line":82,"column":24},"end":{"line":82,"column":43},"skip":true},"18":{"start":{"line":83,"column":24},"end":{"line":83,"column":30},"skip":true},"19":{"start":{"line":85,"column":24},"end":{"line":85,"column":49},"skip":true},"20":{"start":{"line":89,"column":12},"end":{"line":107,"column":13},"skip":true},"21":{"start":{"line":92,"column":16},"end":{"line":102,"column":17},"skip":true},"22":{"start":{"line":93,"column":20},"end":{"line":93,"column":86},"skip":true},"23":{"start":{"line":94,"column":20},"end":{"line":95,"column":45},"skip":true},"24":{"start":{"line":96,"column":20},"end":{"line":96,"column":42},"skip":true},"25":{"start":{"line":97,"column":20},"end":{"line":97,"column":48},"skip":true},"26":{"start":{"line":100,"column":20},"end":{"line":100,"column":85},"skip":true},"27":{"start":{"line":101,"column":20},"end":{"line":101,"column":96},"skip":true},"28":{"start":{"line":103,"column":16},"end":{"line":103,"column":22},"skip":true},"29":{"start":{"line":106,"column":16},"end":{"line":106,"column":22},"skip":true},"30":{"start":{"line":108,"column":12},"end":{"line":120,"column":13},"skip":true},"31":{"start":{"line":114,"column":16},"end":{"line":119,"column":17},"skip":true},"32":{"start":{"line":116,"column":20},"end":{"line":116,"column":78},"skip":true},"33":{"start":{"line":118,"column":20},"end":{"line":118,"column":47},"skip":true},"34":{"start":{"line":123,"column":8},"end":{"line":141,"column":11},"skip":true},"35":{"start":{"line":124,"column":12},"end":{"line":124,"column":54},"skip":true},"36":{"start":{"line":125,"column":12},"end":{"line":140,"column":14},"skip":true},"37":{"start":{"line":126,"column":16},"end":{"line":126,"column":28},"skip":true},"38":{"start":{"line":127,"column":16},"end":{"line":127,"column":69},"skip":true},"39":{"start":{"line":128,"column":16},"end":{"line":128,"column":75},"skip":true},"40":{"start":{"line":129,"column":16},"end":{"line":131,"column":17},"skip":true},"41":{"start":{"line":130,"column":20},"end":{"line":130,"column":27},"skip":true},"42":{"start":{"line":133,"column":16},"end":{"line":137,"column":36},"skip":true},"43":{"start":{"line":134,"column":20},"end":{"line":136,"column":55},"skip":true},"44":{"start":{"line":139,"column":16},"end":{"line":139,"column":57},"skip":true},"45":{"start":{"line":143,"column":8},"end":{"line":147,"column":11},"skip":true},"46":{"start":{"line":144,"column":12},"end":{"line":146,"column":15},"skip":true},"47":{"start":{"line":145,"column":16},"end":{"line":145,"column":70},"skip":true},"48":{"start":{"line":149,"column":8},"end":{"line":149,"column":31},"skip":true},"49":{"start":{"line":150,"column":8},"end":{"line":150,"column":14},"skip":true},"50":{"start":{"line":158,"column":8},"end":{"line":158,"column":31},"skip":true},"51":{"start":{"line":160,"column":8},"end":{"line":160,"column":33},"skip":true},"52":{"start":{"line":161,"column":8},"end":{"line":161,"column":37},"skip":true},"53":{"start":{"line":162,"column":8},"end":{"line":162,"column":35},"skip":true},"54":{"start":{"line":164,"column":8},"end":{"line":164,"column":50},"skip":true},"55":{"start":{"line":166,"column":8},"end":{"line":256,"column":2},"skip":true},"56":{"start":{"line":258,"column":8},"end":{"line":286,"column":9},"skip":true},"57":{"start":{"line":259,"column":12},"end":{"line":269,"column":14},"skip":true},"58":{"start":{"line":271,"column":12},"end":{"line":285,"column":19},"skip":true},"59":{"start":{"line":274,"column":20},"end":{"line":274,"column":35},"skip":true},"60":{"start":{"line":275,"column":20},"end":{"line":284,"column":21},"skip":true},"61":{"start":{"line":277,"column":24},"end":{"line":277,"column":64},"skip":true},"62":{"start":{"line":279,"column":24},"end":{"line":279,"column":40},"skip":true},"63":{"start":{"line":281,"column":24},"end":{"line":281,"column":40},"skip":true},"64":{"start":{"line":283,"column":24},"end":{"line":283,"column":39},"skip":true},"65":{"start":{"line":288,"column":8},"end":{"line":290,"column":9},"skip":true},"66":{"start":{"line":289,"column":12},"end":{"line":289,"column":18},"skip":true},"67":{"start":{"line":291,"column":8},"end":{"line":293,"column":54},"skip":true},"68":{"start":{"line":296,"column":8},"end":{"line":301,"column":37},"skip":true},"69":{"start":{"line":303,"column":8},"end":{"line":303,"column":82},"skip":true},"70":{"start":{"line":306,"column":8},"end":{"line":308,"column":9},"skip":true},"71":{"start":{"line":307,"column":12},"end":{"line":307,"column":82},"skip":true},"72":{"start":{"line":310,"column":8},"end":{"line":312,"column":9},"skip":true},"73":{"start":{"line":311,"column":12},"end":{"line":311,"column":18},"skip":true},"74":{"start":{"line":313,"column":8},"end":{"line":313,"column":54},"skip":true},"75":{"start":{"line":314,"column":8},"end":{"line":314,"column":69},"skip":true},"76":{"start":{"line":315,"column":8},"end":{"line":323,"column":36},"skip":true},"77":{"start":{"line":316,"column":12},"end":{"line":316,"column":61},"skip":true},"78":{"start":{"line":317,"column":12},"end":{"line":320,"column":13},"skip":true},"79":{"start":{"line":318,"column":16},"end":{"line":318,"column":75},"skip":true},"80":{"start":{"line":319,"column":16},"end":{"line":319,"column":23},"skip":true},"81":{"start":{"line":321,"column":12},"end":{"line":321,"column":38},"skip":true},"82":{"start":{"line":322,"column":12},"end":{"line":322,"column":27},"skip":true},"83":{"start":{"line":324,"column":8},"end":{"line":324,"column":14},"skip":true}},"branchMap":{"1":{"line":39,"type":"binary-expr","locations":[{"start":{"line":39,"column":23},"end":{"line":39,"column":62}},{"start":{"line":40,"column":20},"end":{"line":40,"column":70}},{"start":{"line":41,"column":20},"end":{"line":41,"column":71}},{"start":{"line":42,"column":20},"end":{"line":42,"column":29}}]},"2":{"line":44,"type":"binary-expr","locations":[{"start":{"line":44,"column":23},"end":{"line":44,"column":37}},{"start":{"line":45,"column":20},"end":{"line":45,"column":61}},{"start":{"line":46,"column":20},"end":{"line":46,"column":70}},{"start":{"line":47,"column":20},"end":{"line":47,"column":26}}]},"3":{"line":51,"type":"cond-expr","locations":[{"start":{"line":52,"column":14},"end":{"line":52,"column":20}},{"start":{"line":53,"column":14},"end":{"line":53,"column":20}}]},"4":{"line":55,"type":"binary-expr","locations":[{"start":{"line":55,"column":16},"end":{"line":55,"column":44}},{"start":{"line":55,"column":49},"end":{"line":57,"column":43}}]},"5":{"line":55,"type":"cond-expr","locations":[{"start":{"line":56,"column":14},"end":{"line":56,"column":48}},{"start":{"line":57,"column":14},"end":{"line":57,"column":43}}]},"6":{"line":61,"type":"switch","locations":[{"start":{"line":68,"column":4},"end":{"line":150,"column":14},"skip":true},{"start":{"line":156,"column":4},"end":{"line":324,"column":14},"skip":true}]},"7":{"line":70,"type":"if","locations":[{"start":{"line":70,"column":12},"end":{"line":70,"column":12},"skip":true},{"start":{"line":70,"column":12},"end":{"line":70,"column":12},"skip":true}]},"8":{"line":70,"type":"binary-expr","locations":[{"start":{"line":70,"column":16},"end":{"line":70,"column":22},"skip":true},{"start":{"line":70,"column":27},"end":{"line":70,"column":32},"skip":true},{"start":{"line":71,"column":20},"end":{"line":71,"column":39},"skip":true},{"start":{"line":72,"column":20},"end":{"line":72,"column":49},"skip":true},{"start":{"line":73,"column":20},"end":{"line":73,"column":58},"skip":true},{"start":{"line":74,"column":20},"end":{"line":74,"column":69},"skip":true}]},"9":{"line":79,"type":"switch","locations":[{"start":{"line":80,"column":20},"end":{"line":80,"column":33},"skip":true},{"start":{"line":81,"column":20},"end":{"line":83,"column":30},"skip":true},{"start":{"line":84,"column":20},"end":{"line":85,"column":49},"skip":true}]},"10":{"line":89,"type":"switch","locations":[{"start":{"line":90,"column":12},"end":{"line":103,"column":22},"skip":true},{"start":{"line":105,"column":12},"end":{"line":106,"column":22},"skip":true}]},"11":{"line":89,"type":"binary-expr","locations":[{"start":{"line":89,"column":20},"end":{"line":89,"column":25},"skip":true},{"start":{"line":89,"column":29},"end":{"line":89,"column":48},"skip":true},{"start":{"line":89,"column":52},"end":{"line":89,"column":74},"skip":true}]},"12":{"line":92,"type":"if","locations":[{"start":{"line":92,"column":16},"end":{"line":92,"column":16},"skip":true},{"start":{"line":92,"column":16},"end":{"line":92,"column":16},"skip":true}]},"13":{"line":108,"type":"if","locations":[{"start":{"line":108,"column":12},"end":{"line":108,"column":12},"skip":true},{"start":{"line":108,"column":12},"end":{"line":108,"column":12},"skip":true}]},"14":{"line":108,"type":"binary-expr","locations":[{"start":{"line":108,"column":16},"end":{"line":108,"column":61},"skip":true},{"start":{"line":108,"column":66},"end":{"line":108,"column":72},"skip":true},{"start":{"line":108,"column":77},"end":{"line":108,"column":82},"skip":true},{"start":{"line":109,"column":20},"end":{"line":109,"column":39},"skip":true},{"start":{"line":110,"column":20},"end":{"line":110,"column":49},"skip":true},{"start":{"line":111,"column":20},"end":{"line":111,"column":58},"skip":true},{"start":{"line":112,"column":20},"end":{"line":112,"column":68},"skip":true}]},"15":{"line":129,"type":"if","locations":[{"start":{"line":129,"column":16},"end":{"line":129,"column":16},"skip":true},{"start":{"line":129,"column":16},"end":{"line":129,"column":16},"skip":true}]},"16":{"line":134,"type":"cond-expr","locations":[{"start":{"line":135,"column":26},"end":{"line":135,"column":29},"skip":true},{"start":{"line":136,"column":26},"end":{"line":136,"column":54},"skip":true}]},"17":{"line":164,"type":"binary-expr","locations":[{"start":{"line":164,"column":27},"end":{"line":164,"column":43},"skip":true},{"start":{"line":164,"column":47},"end":{"line":164,"column":49},"skip":true}]},"18":{"line":258,"type":"if","locations":[{"start":{"line":258,"column":8},"end":{"line":258,"column":8},"skip":true},{"start":{"line":258,"column":8},"end":{"line":258,"column":8},"skip":true}]},"19":{"line":275,"type":"switch","locations":[{"start":{"line":276,"column":20},"end":{"line":277,"column":64},"skip":true},{"start":{"line":278,"column":20},"end":{"line":279,"column":40},"skip":true},{"start":{"line":280,"column":20},"end":{"line":281,"column":40},"skip":true},{"start":{"line":282,"column":20},"end":{"line":283,"column":39},"skip":true}]},"20":{"line":288,"type":"if","locations":[{"start":{"line":288,"column":8},"end":{"line":288,"column":8},"skip":true},{"start":{"line":288,"column":8},"end":{"line":288,"column":8},"skip":true}]},"21":{"line":288,"type":"binary-expr","locations":[{"start":{"line":288,"column":12},"end":{"line":288,"column":40},"skip":true},{"start":{"line":288,"column":44},"end":{"line":288,"column":67},"skip":true}]},"22":{"line":292,"type":"binary-expr","locations":[{"start":{"line":292,"column":12},"end":{"line":292,"column":50},"skip":true},{"start":{"line":293,"column":12},"end":{"line":293,"column":53},"skip":true}]},"23":{"line":297,"type":"binary-expr","locations":[{"start":{"line":297,"column":12},"end":{"line":297,"column":62},"skip":true},{"start":{"line":298,"column":12},"end":{"line":301,"column":36},"skip":true}]},"24":{"line":303,"type":"binary-expr","locations":[{"start":{"line":303,"column":43},"end":{"line":303,"column":75},"skip":true},{"start":{"line":303,"column":79},"end":{"line":303,"column":81},"skip":true}]},"25":{"line":306,"type":"if","locations":[{"start":{"line":306,"column":8},"end":{"line":306,"column":8},"skip":true},{"start":{"line":306,"column":8},"end":{"line":306,"column":8},"skip":true}]},"26":{"line":310,"type":"if","locations":[{"start":{"line":310,"column":8},"end":{"line":310,"column":8},"skip":true},{"start":{"line":310,"column":8},"end":{"line":310,"column":8},"skip":true}]},"27":{"line":313,"type":"binary-expr","locations":[{"start":{"line":313,"column":27},"end":{"line":313,"column":43},"skip":true},{"start":{"line":313,"column":47},"end":{"line":313,"column":53},"skip":true}]},"28":{"line":317,"type":"if","locations":[{"start":{"line":317,"column":12},"end":{"line":317,"column":12},"skip":true},{"start":{"line":317,"column":12},"end":{"line":317,"column":12},"skip":true}]}},"code":["/*","example.js","","quickstart example","","instruction","    1. save this script as example.js","    2. run the shell command:","        $ npm install npmtest-camo && PORT=8081 node example.js","    3. play with the browser-demo on http://127.0.0.1:8081","*/","","","","/* istanbul instrument in package npmtest_camo */","/*jslint","    bitwise: true,","    browser: true,","    maxerr: 8,","    maxlen: 96,","    node: true,","    nomen: true,","    regexp: true,","    stupid: true","*/","(function () {","    'use strict';","    var local;","","","","    // run shared js-env code - pre-init","    (function () {","        // init local","        local = {};","        // init modeJs","        local.modeJs = (function () {","            try {","                return typeof navigator.userAgent === 'string' &&","                    typeof document.querySelector('body') === 'object' &&","                    typeof XMLHttpRequest.prototype.open === 'function' &&","                    'browser';","            } catch (errorCaughtBrowser) {","                return module.exports &&","                    typeof process.versions.node === 'string' &&","                    typeof require('http').createServer === 'function' &&","                    'node';","            }","        }());","        // init global","        local.global = local.modeJs === 'browser'","            ? window","            : global;","        // init utility2_rollup","        local = local.global.utility2_rollup || (local.modeJs === 'browser'","            ? local.global.utility2_npmtest_camo","            : global.utility2_moduleExports);","        // export local","        local.global.local = local;","    }());","    switch (local.modeJs) {","","","","    // post-init","    // run browser js-env code - post-init","    /* istanbul ignore next */","    case 'browser':","        local.testRunBrowser = function (event) {","            if (!event || (event &&","                    event.currentTarget &&","                    event.currentTarget.className &&","                    event.currentTarget.className.includes &&","                    event.currentTarget.className.includes('onreset'))) {","                // reset output","                Array.from(","                    document.querySelectorAll('body > .resettable')","                ).forEach(function (element) {","                    switch (element.tagName) {","                    case 'INPUT':","                    case 'TEXTAREA':","                        element.value = '';","                        break;","                    default:","                        element.textContent = '';","                    }","                });","            }","            switch (event && event.currentTarget && event.currentTarget.id) {","            case 'testRunButton1':","                // show tests","                if (document.querySelector('#testReportDiv1').style.display === 'none') {","                    document.querySelector('#testReportDiv1').style.display = 'block';","                    document.querySelector('#testRunButton1').textContent =","                        'hide internal test';","                    local.modeTest = true;","                    local.testRunDefault(local);","                // hide tests","                } else {","                    document.querySelector('#testReportDiv1').style.display = 'none';","                    document.querySelector('#testRunButton1').textContent = 'run internal test';","                }","                break;","            // custom-case","            default:","                break;","            }","            if (document.querySelector('#inputTextareaEval1') && (!event || (event &&","                    event.currentTarget &&","                    event.currentTarget.className &&","                    event.currentTarget.className.includes &&","                    event.currentTarget.className.includes('oneval')))) {","                // try to eval input-code","                try {","                    /*jslint evil: true*/","                    eval(document.querySelector('#inputTextareaEval1').value);","                } catch (errorCaught) {","                    console.error(errorCaught);","                }","            }","        };","        // log stderr and stdout to #outputTextareaStdout1","        ['error', 'log'].forEach(function (key) {","            console[key + '_original'] = console[key];","            console[key] = function () {","                var element;","                console[key + '_original'].apply(console, arguments);","                element = document.querySelector('#outputTextareaStdout1');","                if (!element) {","                    return;","                }","                // append text to #outputTextareaStdout1","                element.value += Array.from(arguments).map(function (arg) {","                    return typeof arg === 'string'","                        ? arg","                        : JSON.stringify(arg, null, 4);","                }).join(' ') + '\\n';","                // scroll textarea to bottom","                element.scrollTop = element.scrollHeight;","            };","        });","        // init event-handling","        ['change', 'click', 'keyup'].forEach(function (event) {","            Array.from(document.querySelectorAll('.on' + event)).forEach(function (element) {","                element.addEventListener(event, local.testRunBrowser);","            });","        });","        // run tests","        local.testRunBrowser();","        break;","","","","    // run node js-env code - post-init","    /* istanbul ignore next */","    case 'node':","        // export local","        module.exports = local;","        // require modules","        local.fs = require('fs');","        local.http = require('http');","        local.url = require('url');","        // init assets","        local.assetsDict = local.assetsDict || {};","        /* jslint-ignore-begin */","        local.assetsDict['/assets.index.template.html'] = '\\","<!doctype html>\\n\\","<html lang=\"en\">\\n\\","<head>\\n\\","<meta charset=\"UTF-8\">\\n\\","<meta name=\"viewport\" content=\"width=device-width, initial-scale=1\">\\n\\","<title>{{env.npm_package_name}} (v{{env.npm_package_version}})</title>\\n\\","<style>\\n\\","/*csslint\\n\\","    box-sizing: false,\\n\\","    universal-selector: false\\n\\","*/\\n\\","* {\\n\\","    box-sizing: border-box;\\n\\","}\\n\\","body {\\n\\","    background: #dde;\\n\\","    font-family: Arial, Helvetica, sans-serif;\\n\\","    margin: 2rem;\\n\\","}\\n\\","body > * {\\n\\","    margin-bottom: 1rem;\\n\\","}\\n\\",".utility2FooterDiv {\\n\\","    margin-top: 20px;\\n\\","    text-align: center;\\n\\","}\\n\\","</style>\\n\\","<style>\\n\\","/*csslint\\n\\","*/\\n\\","textarea {\\n\\","    font-family: monospace;\\n\\","    height: 10rem;\\n\\","    width: 100%;\\n\\","}\\n\\","textarea[readonly] {\\n\\","    background: #ddd;\\n\\","}\\n\\","</style>\\n\\","</head>\\n\\","<body>\\n\\","<!-- utility2-comment\\n\\","<div id=\"ajaxProgressDiv1\" style=\"background: #d00; height: 2px; left: 0; margin: 0; padding: 0; position: fixed; top: 0; transition: background 0.5s, width 1.5s; width: 25%;\"></div>\\n\\","utility2-comment -->\\n\\","<h1>\\n\\","<!-- utility2-comment\\n\\","    <a\\n\\","        {{#if env.npm_package_homepage}}\\n\\","        href=\"{{env.npm_package_homepage}}\"\\n\\","        {{/if env.npm_package_homepage}}\\n\\","        target=\"_blank\"\\n\\","    >\\n\\","utility2-comment -->\\n\\","        {{env.npm_package_name}} (v{{env.npm_package_version}})\\n\\","<!-- utility2-comment\\n\\","    </a>\\n\\","utility2-comment -->\\n\\","</h1>\\n\\","<h3>{{env.npm_package_description}}</h3>\\n\\","<!-- utility2-comment\\n\\","<h4><a download href=\"assets.app.js\">download standalone app</a></h4>\\n\\","<button class=\"onclick onreset\" id=\"testRunButton1\">run internal test</button><br>\\n\\","<div id=\"testReportDiv1\" style=\"display: none;\"></div>\\n\\","utility2-comment -->\\n\\","\\n\\","\\n\\","\\n\\","<label>stderr and stdout</label>\\n\\","<textarea class=\"resettable\" id=\"outputTextareaStdout1\" readonly></textarea>\\n\\","<!-- utility2-comment\\n\\","{{#if isRollup}}\\n\\","<script src=\"assets.app.js\"></script>\\n\\","{{#unless isRollup}}\\n\\","utility2-comment -->\\n\\","<script src=\"assets.utility2.rollup.js\"></script>\\n\\","<script src=\"jsonp.utility2._stateInit?callback=window.utility2._stateInit\"></script>\\n\\","<script src=\"assets.npmtest_camo.rollup.js\"></script>\\n\\","<script src=\"assets.example.js\"></script>\\n\\","<script src=\"assets.test.js\"></script>\\n\\","<!-- utility2-comment\\n\\","{{/if isRollup}}\\n\\","utility2-comment -->\\n\\","<div class=\"utility2FooterDiv\">\\n\\","    [ this app was created with\\n\\","    <a href=\"https://github.com/kaizhu256/node-utility2\" target=\"_blank\">utility2</a>\\n\\","    ]\\n\\","</div>\\n\\","</body>\\n\\","</html>\\n\\","';","        /* jslint-ignore-end */","        if (local.templateRender) {","            local.assetsDict['/'] = local.templateRender(","                local.assetsDict['/assets.index.template.html'],","                {","                    env: local.objectSetDefault(local.env, {","                        npm_package_description: 'the greatest app in the world!',","                        npm_package_name: 'my-app',","                        npm_package_nameAlias: 'my_app',","                        npm_package_version: '0.0.1'","                    })","                }","            );","        } else {","            local.assetsDict['/'] = local.assetsDict['/assets.index.template.html']","                .replace((/\\{\\{env\\.(\\w+?)\\}\\}/g), function (match0, match1) {","                    // jslint-hack","                    String(match0);","                    switch (match1) {","                    case 'npm_package_description':","                        return 'the greatest app in the world!';","                    case 'npm_package_name':","                        return 'my-app';","                    case 'npm_package_nameAlias':","                        return 'my_app';","                    case 'npm_package_version':","                        return '0.0.1';","                    }","                });","        }","        // run the cli","        if (local.global.utility2_rollup || module !== require.main) {","            break;","        }","        local.assetsDict['/assets.example.js'] =","            local.assetsDict['/assets.example.js'] ||","            local.fs.readFileSync(__filename, 'utf8');","        // bug-workaround - long $npm_package_buildCustomOrg","        /* jslint-ignore-begin */","        local.assetsDict['/assets.npmtest_camo.rollup.js'] =","            local.assetsDict['/assets.npmtest_camo.rollup.js'] ||","            local.fs.readFileSync(","                local.npmtest_camo.__dirname + '/lib.npmtest_camo.js',","                'utf8'","            ).replace((/^#!/), '//');","        /* jslint-ignore-end */","        local.assetsDict['/favicon.ico'] = local.assetsDict['/favicon.ico'] || '';","        // if $npm_config_timeout_exit exists,","        // then exit this process after $npm_config_timeout_exit ms","        if (Number(process.env.npm_config_timeout_exit)) {","            setTimeout(process.exit, Number(process.env.npm_config_timeout_exit));","        }","        // start server","        if (local.global.utility2_serverHttp1) {","            break;","        }","        process.env.PORT = process.env.PORT || '8081';","        console.error('server starting on port ' + process.env.PORT);","        local.http.createServer(function (request, response) {","            request.urlParsed = local.url.parse(request.url);","            if (local.assetsDict[request.urlParsed.pathname] !== undefined) {","                response.end(local.assetsDict[request.urlParsed.pathname]);","                return;","            }","            response.statusCode = 404;","            response.end();","        }).listen(process.env.PORT);","        break;","    }","}());",""],"l":{"26":2,"28":2,"33":2,"35":2,"37":2,"38":2,"39":2,"44":1,"51":2,"55":2,"59":2,"61":2,"69":1,"70":2,"76":2,"79":2,"82":2,"83":2,"85":1,"89":2,"92":1,"93":1,"94":1,"96":1,"97":1,"100":1,"101":1,"103":1,"106":1,"108":2,"114":1,"116":1,"118":1,"123":1,"124":2,"125":2,"126":3,"127":3,"128":3,"129":3,"130":1,"133":3,"134":3,"139":3,"143":1,"144":3,"145":1,"149":1,"150":1,"158":1,"160":1,"161":1,"162":1,"164":1,"166":1,"258":1,"259":1,"271":1,"274":6,"275":6,"277":1,"279":2,"281":1,"283":2,"288":1,"289":1,"291":1,"296":1,"303":1,"306":1,"307":1,"310":1,"311":1,"313":1,"314":1,"315":1,"316":1,"317":1,"318":1,"319":1,"321":1,"322":1,"324":1}},"/home/travis/build/npmtest/node-npmtest-camo/node_modules/camo/index.js":{"path":"/home/travis/build/npmtest/node-npmtest-camo/node_modules/camo/index.js","s":{"1":1,"2":1,"3":1,"4":1},"b":{},"f":{},"fnMap":{},"statementMap":{"1":{"start":{"line":3,"column":0},"end":{"line":3,"column":46}},"2":{"start":{"line":4,"column":0},"end":{"line":4,"column":55}},"3":{"start":{"line":6,"column":0},"end":{"line":6,"column":45}},"4":{"start":{"line":7,"column":0},"end":{"line":7,"column":62}}},"branchMap":{},"code":["'use strict';","","exports.connect = require('./lib/db').connect;","exports.getClient = require('./lib/clients').getClient;","","exports.Document = require('./lib/document');","exports.EmbeddedDocument = require('./lib/embedded-document');",""],"l":{"3":1,"4":1,"6":1,"7":1}},"/home/travis/build/npmtest/node-npmtest-camo/node_modules/camo/lib/db.js":{"path":"/home/travis/build/npmtest/node-npmtest-camo/node_modules/camo/lib/db.js","s":{"1":1,"2":1,"3":1,"4":0,"5":0,"6":0,"7":0,"8":0,"9":0,"10":0,"11":0,"12":0},"b":{"1":[0,0],"2":[0,0]},"f":{"1":0,"2":0,"3":0},"fnMap":{"1":{"name":"(anonymous_1)","line":13,"loc":{"start":{"line":13,"column":18},"end":{"line":13,"column":41}}},"2":{"name":"(anonymous_2)","line":16,"loc":{"start":{"line":16,"column":53},"end":{"line":16,"column":66}}},"3":{"name":"(anonymous_3)","line":22,"loc":{"start":{"line":22,"column":54},"end":{"line":22,"column":67}}}},"statementMap":{"1":{"start":{"line":3,"column":0},"end":{"line":3,"column":51}},"2":{"start":{"line":4,"column":0},"end":{"line":4,"column":53}},"3":{"start":{"line":13,"column":0},"end":{"line":29,"column":2}},"4":{"start":{"line":14,"column":4},"end":{"line":28,"column":5}},"5":{"start":{"line":16,"column":8},"end":{"line":19,"column":11}},"6":{"start":{"line":17,"column":12},"end":{"line":17,"column":31}},"7":{"start":{"line":18,"column":12},"end":{"line":18,"column":22}},"8":{"start":{"line":20,"column":11},"end":{"line":28,"column":5}},"9":{"start":{"line":22,"column":8},"end":{"line":25,"column":11}},"10":{"start":{"line":23,"column":12},"end":{"line":23,"column":31}},"11":{"start":{"line":24,"column":12},"end":{"line":24,"column":22}},"12":{"start":{"line":27,"column":8},"end":{"line":27,"column":76}}},"branchMap":{"1":{"line":14,"type":"if","locations":[{"start":{"line":14,"column":4},"end":{"line":14,"column":4}},{"start":{"line":14,"column":4},"end":{"line":14,"column":4}}]},"2":{"line":20,"type":"if","locations":[{"start":{"line":20,"column":11},"end":{"line":20,"column":11}},{"start":{"line":20,"column":11},"end":{"line":20,"column":11}}]}},"code":["'use strict';","","const NeDbClient = require('./clients/nedbclient');","const MongoClient = require('./clients/mongoclient');","","/**"," * Connect to current database"," *"," * @param {String} url"," * @param {Object} options"," * @returns {Promise}"," */","exports.connect = function(url, options) {","    if (url.indexOf('nedb://') > -1) {","        // url example: nedb://path/to/file/folder","        return NeDbClient.connect(url, options).then(function(db) {","            global.CLIENT = db;","            return db;","        });","    } else if(url.indexOf('mongodb://') > -1) {","        // url example: 'mongodb://localhost:27017/myproject'","        return MongoClient.connect(url, options).then(function(db) {","            global.CLIENT = db;","            return db;","        });","    } else {","        return Promise.reject(new Error('Unrecognized DB connection url.'));","    }","};"],"l":{"3":1,"4":1,"13":1,"14":0,"16":0,"17":0,"18":0,"20":0,"22":0,"23":0,"24":0,"27":0}},"/home/travis/build/npmtest/node-npmtest-camo/node_modules/camo/lib/clients/nedbclient.js":{"path":"/home/travis/build/npmtest/node-npmtest-camo/node_modules/camo/lib/clients/nedbclient.js","s":{"1":1,"2":1,"3":1,"4":1,"5":1,"6":1,"7":0,"8":0,"9":0,"10":1,"11":0,"12":0,"13":0,"14":1,"15":0,"16":0,"17":0,"18":0,"19":1,"20":0,"21":0,"22":0,"23":0,"24":0,"25":0,"26":0,"27":0,"28":0,"29":0,"30":0,"31":0,"32":0,"33":0,"34":0,"35":0,"36":0,"37":0,"38":0,"39":0,"40":0,"41":0,"42":0,"43":0,"44":0,"45":0,"46":0,"47":0,"48":0,"49":0,"50":0,"51":0,"52":0,"53":0,"54":0,"55":0,"56":0,"57":0,"58":0,"59":0,"60":0,"61":0,"62":0,"63":0,"64":0,"65":0,"66":0,"67":0,"68":0,"69":0,"70":0,"71":0,"72":0,"73":0,"74":0,"75":0,"76":0,"77":0,"78":0,"79":0,"80":0,"81":0,"82":0,"83":0,"84":0,"85":0,"86":0,"87":0,"88":0,"89":0,"90":0,"91":0,"92":0,"93":0,"94":0,"95":0,"96":0,"97":0,"98":0,"99":0,"100":0,"101":0,"102":0,"103":0,"104":0,"105":0,"106":0,"107":0,"108":0,"109":0,"110":0,"111":0,"112":0,"113":0,"114":0,"115":0,"116":0,"117":0,"118":0,"119":0,"120":0,"121":0,"122":0,"123":0,"124":0,"125":0,"126":0,"127":0,"128":0,"129":0,"130":0,"131":0,"132":0,"133":0,"134":0,"135":0,"136":0,"137":0,"138":0,"139":0,"140":0,"141":0,"142":0,"143":0,"144":0,"145":0,"146":0,"147":0,"148":0,"149":0,"150":0,"151":0,"152":0,"153":0,"154":0,"155":0,"156":0,"157":0,"158":0,"159":0,"160":0,"161":0,"162":0,"163":0,"164":0,"165":0,"166":0,"167":1},"b":{"1":[0,0],"2":[0,0],"3":[0,0],"4":[0,0],"5":[0,0],"6":[0,0],"7":[0,0],"8":[0,0],"9":[0,0],"10":[0,0],"11":[0,0],"12":[0,0],"13":[0,0],"14":[0,0],"15":[0,0],"16":[0,0],"17":[0,0],"18":[0,0],"19":[0,0],"20":[0,0],"21":[0,0],"22":[0,0],"23":[0,0,0],"24":[0,0],"25":[0,0],"26":[0,0],"27":[0,0],"28":[0,0],"29":[0,0],"30":[0,0],"31":[0,0],"32":[0,0],"33":[0,0],"34":[0,0],"35":[0,0],"36":[0,0]},"f":{"1":0,"2":0,"3":0,"4":0,"5":0,"6":0,"7":0,"8":0,"9":0,"10":0,"11":0,"12":0,"13":0,"14":0,"15":0,"16":0,"17":0,"18":0,"19":0,"20":0,"21":0,"22":0,"23":0,"24":0,"25":0,"26":0,"27":0,"28":0,"29":0,"30":0,"31":0,"32":0,"33":0,"34":0,"35":0,"36":0,"37":0,"38":0,"39":0,"40":0,"41":0,"42":0,"43":0,"44":0,"45":0,"46":0,"47":0,"48":0,"49":0,"50":0,"51":0},"fnMap":{"1":{"name":"(anonymous_1)","line":9,"loc":{"start":{"line":9,"column":18},"end":{"line":9,"column":32}}},"2":{"name":"(anonymous_2)","line":16,"loc":{"start":{"line":16,"column":26},"end":{"line":16,"column":59}}},"3":{"name":"(anonymous_3)","line":23,"loc":{"start":{"line":23,"column":25},"end":{"line":23,"column":55}}},"4":{"name":"(anonymous_4)","line":31,"loc":{"start":{"line":31,"column":22},"end":{"line":31,"column":56}}},"5":{"name":"(anonymous_5)","line":42,"loc":{"start":{"line":42,"column":15},"end":{"line":42,"column":34}}},"6":{"name":"(anonymous_6)","line":61,"loc":{"start":{"line":61,"column":8},"end":{"line":61,"column":33}}},"7":{"name":"(anonymous_7)","line":63,"loc":{"start":{"line":63,"column":27},"end":{"line":63,"column":53}}},"8":{"name":"(anonymous_8)","line":70,"loc":{"start":{"line":70,"column":34},"end":{"line":70,"column":58}}},"9":{"name":"(anonymous_9)","line":75,"loc":{"start":{"line":75,"column":75},"end":{"line":75,"column":99}}},"10":{"name":"(anonymous_10)","line":90,"loc":{"start":{"line":90,"column":10},"end":{"line":90,"column":27}}},"11":{"name":"(anonymous_11)","line":92,"loc":{"start":{"line":92,"column":27},"end":{"line":92,"column":53}}},"12":{"name":"(anonymous_12)","line":96,"loc":{"start":{"line":96,"column":35},"end":{"line":96,"column":64}}},"13":{"name":"(anonymous_13)","line":110,"loc":{"start":{"line":110,"column":13},"end":{"line":110,"column":33}}},"14":{"name":"(anonymous_14)","line":112,"loc":{"start":{"line":112,"column":27},"end":{"line":112,"column":53}}},"15":{"name":"(anonymous_15)","line":114,"loc":{"start":{"line":114,"column":29},"end":{"line":114,"column":58}}},"16":{"name":"(anonymous_16)","line":128,"loc":{"start":{"line":128,"column":14},"end":{"line":128,"column":34}}},"17":{"name":"(anonymous_17)","line":130,"loc":{"start":{"line":130,"column":27},"end":{"line":130,"column":53}}},"18":{"name":"(anonymous_18)","line":132,"loc":{"start":{"line":132,"column":46},"end":{"line":132,"column":75}}},"19":{"name":"(anonymous_19)","line":146,"loc":{"start":{"line":146,"column":11},"end":{"line":146,"column":31}}},"20":{"name":"(anonymous_20)","line":148,"loc":{"start":{"line":148,"column":27},"end":{"line":148,"column":53}}},"21":{"name":"(anonymous_21)","line":150,"loc":{"start":{"line":150,"column":30},"end":{"line":150,"column":55}}},"22":{"name":"(anonymous_22)","line":166,"loc":{"start":{"line":166,"column":20},"end":{"line":166,"column":57}}},"23":{"name":"(anonymous_23)","line":177,"loc":{"start":{"line":177,"column":27},"end":{"line":177,"column":53}}},"24":{"name":"(anonymous_24)","line":187,"loc":{"start":{"line":187,"column":49},"end":{"line":187,"column":64}}},"25":{"name":"(anonymous_25)","line":190,"loc":{"start":{"line":190,"column":49},"end":{"line":190,"column":73}}},"26":{"name":"(anonymous_26)","line":198,"loc":{"start":{"line":198,"column":62},"end":{"line":198,"column":86}}},"27":{"name":"(anonymous_27)","line":202,"loc":{"start":{"line":202,"column":52},"end":{"line":202,"column":73}}},"28":{"name":"(anonymous_28)","line":220,"loc":{"start":{"line":220,"column":20},"end":{"line":220,"column":49}}},"29":{"name":"(anonymous_29)","line":231,"loc":{"start":{"line":231,"column":27},"end":{"line":231,"column":53}}},"30":{"name":"(anonymous_30)","line":233,"loc":{"start":{"line":233,"column":38},"end":{"line":233,"column":67}}},"31":{"name":"(anonymous_31)","line":248,"loc":{"start":{"line":248,"column":8},"end":{"line":248,"column":37}}},"32":{"name":"(anonymous_32)","line":250,"loc":{"start":{"line":250,"column":27},"end":{"line":250,"column":53}}},"33":{"name":"(anonymous_33)","line":260,"loc":{"start":{"line":260,"column":37},"end":{"line":260,"column":49}}},"34":{"name":"(anonymous_34)","line":279,"loc":{"start":{"line":279,"column":24},"end":{"line":279,"column":48}}},"35":{"name":"(anonymous_35)","line":293,"loc":{"start":{"line":293,"column":9},"end":{"line":293,"column":29}}},"36":{"name":"(anonymous_36)","line":295,"loc":{"start":{"line":295,"column":27},"end":{"line":295,"column":53}}},"37":{"name":"(anonymous_37)","line":297,"loc":{"start":{"line":297,"column":28},"end":{"line":297,"column":52}}},"38":{"name":"(anonymous_38)","line":312,"loc":{"start":{"line":312,"column":15},"end":{"line":312,"column":44}}},"39":{"name":"(anonymous_39)","line":328,"loc":{"start":{"line":328,"column":18},"end":{"line":328,"column":33}}},"40":{"name":"(anonymous_40)","line":332,"loc":{"start":{"line":332,"column":27},"end":{"line":332,"column":53}}},"41":{"name":"(anonymous_41)","line":360,"loc":{"start":{"line":360,"column":9},"end":{"line":360,"column":12}}},"42":{"name":"(anonymous_42)","line":370,"loc":{"start":{"line":370,"column":19},"end":{"line":370,"column":32}}},"43":{"name":"(anonymous_43)","line":379,"loc":{"start":{"line":379,"column":16},"end":{"line":379,"column":19}}},"44":{"name":"(anonymous_44)","line":383,"loc":{"start":{"line":383,"column":42},"end":{"line":383,"column":56}}},"45":{"name":"(anonymous_45)","line":384,"loc":{"start":{"line":384,"column":32},"end":{"line":384,"column":58}}},"46":{"name":"(anonymous_46)","line":393,"loc":{"start":{"line":393,"column":40},"end":{"line":393,"column":60}}},"47":{"name":"(anonymous_47)","line":395,"loc":{"start":{"line":395,"column":50},"end":{"line":395,"column":64}}},"48":{"name":"(anonymous_48)","line":412,"loc":{"start":{"line":412,"column":17},"end":{"line":412,"column":22}}},"49":{"name":"(anonymous_49)","line":417,"loc":{"start":{"line":417,"column":14},"end":{"line":417,"column":22}}},"50":{"name":"(anonymous_50)","line":421,"loc":{"start":{"line":421,"column":16},"end":{"line":421,"column":19}}},"51":{"name":"(anonymous_51)","line":425,"loc":{"start":{"line":425,"column":10},"end":{"line":425,"column":13}}}},"statementMap":{"1":{"start":{"line":3,"column":0},"end":{"line":3,"column":28}},"2":{"start":{"line":4,"column":0},"end":{"line":4,"column":29}},"3":{"start":{"line":5,"column":0},"end":{"line":5,"column":25}},"4":{"start":{"line":6,"column":0},"end":{"line":6,"column":34}},"5":{"start":{"line":7,"column":0},"end":{"line":7,"column":43}},"6":{"start":{"line":9,"column":0},"end":{"line":14,"column":2}},"7":{"start":{"line":10,"column":4},"end":{"line":12,"column":5}},"8":{"start":{"line":11,"column":8},"end":{"line":11,"column":40}},"9":{"start":{"line":13,"column":4},"end":{"line":13,"column":15}},"10":{"start":{"line":16,"column":0},"end":{"line":21,"column":2}},"11":{"start":{"line":17,"column":4},"end":{"line":19,"column":5}},"12":{"start":{"line":18,"column":8},"end":{"line":18,"column":26}},"13":{"start":{"line":20,"column":4},"end":{"line":20,"column":53}},"14":{"start":{"line":23,"column":0},"end":{"line":29,"column":2}},"15":{"start":{"line":24,"column":4},"end":{"line":26,"column":5}},"16":{"start":{"line":25,"column":8},"end":{"line":25,"column":51}},"17":{"start":{"line":27,"column":4},"end":{"line":27,"column":64}},"18":{"start":{"line":28,"column":4},"end":{"line":28,"column":69}},"19":{"start":{"line":31,"column":0},"end":{"line":39,"column":2}},"20":{"start":{"line":32,"column":4},"end":{"line":36,"column":5}},"21":{"start":{"line":33,"column":8},"end":{"line":33,"column":54}},"22":{"start":{"line":34,"column":8},"end":{"line":34,"column":39}},"23":{"start":{"line":35,"column":8},"end":{"line":35,"column":26}},"24":{"start":{"line":38,"column":4},"end":{"line":38,"column":29}},"25":{"start":{"line":43,"column":8},"end":{"line":43,"column":19}},"26":{"start":{"line":44,"column":8},"end":{"line":44,"column":36}},"27":{"start":{"line":46,"column":8},"end":{"line":50,"column":9}},"28":{"start":{"line":47,"column":12},"end":{"line":47,"column":44}},"29":{"start":{"line":49,"column":12},"end":{"line":49,"column":35}},"30":{"start":{"line":62,"column":8},"end":{"line":62,"column":26}},"31":{"start":{"line":63,"column":8},"end":{"line":80,"column":11}},"32":{"start":{"line":64,"column":12},"end":{"line":64,"column":80}},"33":{"start":{"line":69,"column":12},"end":{"line":79,"column":13}},"34":{"start":{"line":70,"column":16},"end":{"line":73,"column":19}},"35":{"start":{"line":71,"column":20},"end":{"line":71,"column":52}},"36":{"start":{"line":71,"column":31},"end":{"line":71,"column":52}},"37":{"start":{"line":72,"column":20},"end":{"line":72,"column":47}},"38":{"start":{"line":75,"column":16},"end":{"line":78,"column":19}},"39":{"start":{"line":76,"column":20},"end":{"line":76,"column":52}},"40":{"start":{"line":76,"column":31},"end":{"line":76,"column":52}},"41":{"start":{"line":77,"column":20},"end":{"line":77,"column":43}},"42":{"start":{"line":91,"column":8},"end":{"line":91,"column":26}},"43":{"start":{"line":92,"column":8},"end":{"line":100,"column":11}},"44":{"start":{"line":93,"column":12},"end":{"line":93,"column":40}},"45":{"start":{"line":93,"column":29},"end":{"line":93,"column":40}},"46":{"start":{"line":95,"column":12},"end":{"line":95,"column":80}},"47":{"start":{"line":96,"column":12},"end":{"line":99,"column":15}},"48":{"start":{"line":97,"column":16},"end":{"line":97,"column":48}},"49":{"start":{"line":97,"column":27},"end":{"line":97,"column":48}},"50":{"start":{"line":98,"column":16},"end":{"line":98,"column":43}},"51":{"start":{"line":111,"column":8},"end":{"line":111,"column":26}},"52":{"start":{"line":112,"column":8},"end":{"line":118,"column":11}},"53":{"start":{"line":113,"column":12},"end":{"line":113,"column":80}},"54":{"start":{"line":114,"column":12},"end":{"line":117,"column":15}},"55":{"start":{"line":115,"column":16},"end":{"line":115,"column":48}},"56":{"start":{"line":115,"column":27},"end":{"line":115,"column":48}},"57":{"start":{"line":116,"column":16},"end":{"line":116,"column":43}},"58":{"start":{"line":129,"column":8},"end":{"line":129,"column":26}},"59":{"start":{"line":130,"column":8},"end":{"line":136,"column":11}},"60":{"start":{"line":131,"column":12},"end":{"line":131,"column":80}},"61":{"start":{"line":132,"column":12},"end":{"line":135,"column":15}},"62":{"start":{"line":133,"column":16},"end":{"line":133,"column":48}},"63":{"start":{"line":133,"column":27},"end":{"line":133,"column":48}},"64":{"start":{"line":134,"column":16},"end":{"line":134,"column":43}},"65":{"start":{"line":147,"column":8},"end":{"line":147,"column":26}},"66":{"start":{"line":148,"column":8},"end":{"line":154,"column":11}},"67":{"start":{"line":149,"column":12},"end":{"line":149,"column":80}},"68":{"start":{"line":150,"column":12},"end":{"line":153,"column":15}},"69":{"start":{"line":151,"column":16},"end":{"line":151,"column":48}},"70":{"start":{"line":151,"column":27},"end":{"line":151,"column":48}},"71":{"start":{"line":152,"column":16},"end":{"line":152,"column":39}},"72":{"start":{"line":167,"column":8},"end":{"line":167,"column":26}},"73":{"start":{"line":169,"column":8},"end":{"line":171,"column":9}},"74":{"start":{"line":170,"column":12},"end":{"line":170,"column":25}},"75":{"start":{"line":175,"column":8},"end":{"line":175,"column":30}},"76":{"start":{"line":177,"column":8},"end":{"line":209,"column":11}},"77":{"start":{"line":178,"column":12},"end":{"line":178,"column":80}},"78":{"start":{"line":187,"column":12},"end":{"line":208,"column":15}},"79":{"start":{"line":188,"column":16},"end":{"line":207,"column":17}},"80":{"start":{"line":189,"column":20},"end":{"line":196,"column":21}},"81":{"start":{"line":190,"column":24},"end":{"line":193,"column":27}},"82":{"start":{"line":191,"column":28},"end":{"line":191,"column":60}},"83":{"start":{"line":191,"column":39},"end":{"line":191,"column":60}},"84":{"start":{"line":192,"column":28},"end":{"line":192,"column":51}},"85":{"start":{"line":195,"column":24},"end":{"line":195,"column":45}},"86":{"start":{"line":198,"column":20},"end":{"line":206,"column":23}},"87":{"start":{"line":199,"column":24},"end":{"line":199,"column":56}},"88":{"start":{"line":199,"column":35},"end":{"line":199,"column":56}},"89":{"start":{"line":202,"column":24},"end":{"line":205,"column":27}},"90":{"start":{"line":203,"column":28},"end":{"line":203,"column":60}},"91":{"start":{"line":203,"column":39},"end":{"line":203,"column":60}},"92":{"start":{"line":204,"column":28},"end":{"line":204,"column":41}},"93":{"start":{"line":221,"column":8},"end":{"line":221,"column":26}},"94":{"start":{"line":223,"column":8},"end":{"line":225,"column":9}},"95":{"start":{"line":224,"column":12},"end":{"line":224,"column":25}},"96":{"start":{"line":229,"column":8},"end":{"line":229,"column":30}},"97":{"start":{"line":231,"column":8},"end":{"line":237,"column":11}},"98":{"start":{"line":232,"column":12},"end":{"line":232,"column":80}},"99":{"start":{"line":233,"column":12},"end":{"line":236,"column":15}},"100":{"start":{"line":234,"column":16},"end":{"line":234,"column":48}},"101":{"start":{"line":234,"column":27},"end":{"line":234,"column":48}},"102":{"start":{"line":235,"column":16},"end":{"line":235,"column":43}},"103":{"start":{"line":249,"column":8},"end":{"line":249,"column":26}},"104":{"start":{"line":250,"column":8},"end":{"line":283,"column":11}},"105":{"start":{"line":251,"column":12},"end":{"line":251,"column":80}},"106":{"start":{"line":252,"column":12},"end":{"line":252,"column":40}},"107":{"start":{"line":254,"column":12},"end":{"line":272,"column":13}},"108":{"start":{"line":255,"column":16},"end":{"line":255,"column":37}},"109":{"start":{"line":256,"column":16},"end":{"line":258,"column":17}},"110":{"start":{"line":257,"column":20},"end":{"line":257,"column":50}},"111":{"start":{"line":260,"column":16},"end":{"line":269,"column":19}},"112":{"start":{"line":261,"column":20},"end":{"line":261,"column":47}},"113":{"start":{"line":261,"column":40},"end":{"line":261,"column":47}},"114":{"start":{"line":263,"column":20},"end":{"line":263,"column":38}},"115":{"start":{"line":264,"column":20},"end":{"line":267,"column":21}},"116":{"start":{"line":265,"column":24},"end":{"line":265,"column":39}},"117":{"start":{"line":266,"column":24},"end":{"line":266,"column":43}},"118":{"start":{"line":268,"column":20},"end":{"line":268,"column":47}},"119":{"start":{"line":271,"column":16},"end":{"line":271,"column":50}},"120":{"start":{"line":273,"column":12},"end":{"line":275,"column":13}},"121":{"start":{"line":274,"column":16},"end":{"line":274,"column":51}},"122":{"start":{"line":276,"column":12},"end":{"line":278,"column":13}},"123":{"start":{"line":277,"column":16},"end":{"line":277,"column":53}},"124":{"start":{"line":279,"column":12},"end":{"line":282,"column":15}},"125":{"start":{"line":280,"column":16},"end":{"line":280,"column":48}},"126":{"start":{"line":280,"column":27},"end":{"line":280,"column":48}},"127":{"start":{"line":281,"column":16},"end":{"line":281,"column":39}},"128":{"start":{"line":294,"column":8},"end":{"line":294,"column":26}},"129":{"start":{"line":295,"column":8},"end":{"line":301,"column":11}},"130":{"start":{"line":296,"column":12},"end":{"line":296,"column":80}},"131":{"start":{"line":297,"column":12},"end":{"line":300,"column":15}},"132":{"start":{"line":298,"column":16},"end":{"line":298,"column":48}},"133":{"start":{"line":298,"column":27},"end":{"line":298,"column":48}},"134":{"start":{"line":299,"column":16},"end":{"line":299,"column":38}},"135":{"start":{"line":313,"column":8},"end":{"line":313,"column":32}},"136":{"start":{"line":314,"column":8},"end":{"line":314,"column":49}},"137":{"start":{"line":315,"column":8},"end":{"line":315,"column":49}},"138":{"start":{"line":317,"column":8},"end":{"line":317,"column":76}},"139":{"start":{"line":318,"column":8},"end":{"line":318,"column":91}},"140":{"start":{"line":330,"column":8},"end":{"line":330,"column":40}},"141":{"start":{"line":332,"column":8},"end":{"line":352,"column":11}},"142":{"start":{"line":333,"column":12},"end":{"line":333,"column":33}},"143":{"start":{"line":351,"column":12},"end":{"line":351,"column":61}},"144":{"start":{"line":371,"column":8},"end":{"line":371,"column":47}},"145":{"start":{"line":380,"column":8},"end":{"line":380,"column":26}},"146":{"start":{"line":382,"column":8},"end":{"line":382,"column":31}},"147":{"start":{"line":383,"column":8},"end":{"line":407,"column":11}},"148":{"start":{"line":384,"column":12},"end":{"line":405,"column":15}},"149":{"start":{"line":385,"column":16},"end":{"line":385,"column":68}},"150":{"start":{"line":387,"column":16},"end":{"line":404,"column":17}},"151":{"start":{"line":389,"column":20},"end":{"line":389,"column":50}},"152":{"start":{"line":390,"column":20},"end":{"line":390,"column":30}},"153":{"start":{"line":393,"column":20},"end":{"line":403,"column":23}},"154":{"start":{"line":394,"column":24},"end":{"line":402,"column":25}},"155":{"start":{"line":395,"column":28},"end":{"line":399,"column":31}},"156":{"start":{"line":396,"column":32},"end":{"line":396,"column":53}},"157":{"start":{"line":396,"column":41},"end":{"line":396,"column":53}},"158":{"start":{"line":397,"column":32},"end":{"line":397,"column":62}},"159":{"start":{"line":398,"column":32},"end":{"line":398,"column":42}},"160":{"start":{"line":401,"column":28},"end":{"line":401,"column":38}},"161":{"start":{"line":406,"column":12},"end":{"line":406,"column":34}},"162":{"start":{"line":409,"column":8},"end":{"line":409,"column":42}},"163":{"start":{"line":413,"column":8},"end":{"line":413,"column":18}},"164":{"start":{"line":418,"column":8},"end":{"line":418,"column":65}},"165":{"start":{"line":422,"column":8},"end":{"line":422,"column":22}},"166":{"start":{"line":426,"column":8},"end":{"line":426,"column":33}},"167":{"start":{"line":431,"column":0},"end":{"line":431,"column":28}}},"branchMap":{"1":{"line":10,"type":"if","locations":[{"start":{"line":10,"column":4},"end":{"line":10,"column":4}},{"start":{"line":10,"column":4},"end":{"line":10,"column":4}}]},"2":{"line":17,"type":"if","locations":[{"start":{"line":17,"column":4},"end":{"line":17,"column":4}},{"start":{"line":17,"column":4},"end":{"line":17,"column":4}}]},"3":{"line":24,"type":"if","locations":[{"start":{"line":24,"column":4},"end":{"line":24,"column":4}},{"start":{"line":24,"column":4},"end":{"line":24,"column":4}}]},"4":{"line":32,"type":"if","locations":[{"start":{"line":32,"column":4},"end":{"line":32,"column":4}},{"start":{"line":32,"column":4},"end":{"line":32,"column":4}}]},"5":{"line":46,"type":"if","locations":[{"start":{"line":46,"column":8},"end":{"line":46,"column":8}},{"start":{"line":46,"column":8},"end":{"line":46,"column":8}}]},"6":{"line":69,"type":"if","locations":[{"start":{"line":69,"column":12},"end":{"line":69,"column":12}},{"start":{"line":69,"column":12},"end":{"line":69,"column":12}}]},"7":{"line":71,"type":"if","locations":[{"start":{"line":71,"column":20},"end":{"line":71,"column":20}},{"start":{"line":71,"column":20},"end":{"line":71,"column":20}}]},"8":{"line":76,"type":"if","locations":[{"start":{"line":76,"column":20},"end":{"line":76,"column":20}},{"start":{"line":76,"column":20},"end":{"line":76,"column":20}}]},"9":{"line":93,"type":"if","locations":[{"start":{"line":93,"column":12},"end":{"line":93,"column":12}},{"start":{"line":93,"column":12},"end":{"line":93,"column":12}}]},"10":{"line":97,"type":"if","locations":[{"start":{"line":97,"column":16},"end":{"line":97,"column":16}},{"start":{"line":97,"column":16},"end":{"line":97,"column":16}}]},"11":{"line":115,"type":"if","locations":[{"start":{"line":115,"column":16},"end":{"line":115,"column":16}},{"start":{"line":115,"column":16},"end":{"line":115,"column":16}}]},"12":{"line":133,"type":"if","locations":[{"start":{"line":133,"column":16},"end":{"line":133,"column":16}},{"start":{"line":133,"column":16},"end":{"line":133,"column":16}}]},"13":{"line":151,"type":"if","locations":[{"start":{"line":151,"column":16},"end":{"line":151,"column":16}},{"start":{"line":151,"column":16},"end":{"line":151,"column":16}}]},"14":{"line":169,"type":"if","locations":[{"start":{"line":169,"column":8},"end":{"line":169,"column":8}},{"start":{"line":169,"column":8},"end":{"line":169,"column":8}}]},"15":{"line":188,"type":"if","locations":[{"start":{"line":188,"column":16},"end":{"line":188,"column":16}},{"start":{"line":188,"column":16},"end":{"line":188,"column":16}}]},"16":{"line":189,"type":"if","locations":[{"start":{"line":189,"column":20},"end":{"line":189,"column":20}},{"start":{"line":189,"column":20},"end":{"line":189,"column":20}}]},"17":{"line":191,"type":"if","locations":[{"start":{"line":191,"column":28},"end":{"line":191,"column":28}},{"start":{"line":191,"column":28},"end":{"line":191,"column":28}}]},"18":{"line":199,"type":"if","locations":[{"start":{"line":199,"column":24},"end":{"line":199,"column":24}},{"start":{"line":199,"column":24},"end":{"line":199,"column":24}}]},"19":{"line":203,"type":"if","locations":[{"start":{"line":203,"column":28},"end":{"line":203,"column":28}},{"start":{"line":203,"column":28},"end":{"line":203,"column":28}}]},"20":{"line":223,"type":"if","locations":[{"start":{"line":223,"column":8},"end":{"line":223,"column":8}},{"start":{"line":223,"column":8},"end":{"line":223,"column":8}}]},"21":{"line":234,"type":"if","locations":[{"start":{"line":234,"column":16},"end":{"line":234,"column":16}},{"start":{"line":234,"column":16},"end":{"line":234,"column":16}}]},"22":{"line":254,"type":"if","locations":[{"start":{"line":254,"column":12},"end":{"line":254,"column":12}},{"start":{"line":254,"column":12},"end":{"line":254,"column":12}}]},"23":{"line":254,"type":"binary-expr","locations":[{"start":{"line":254,"column":16},"end":{"line":254,"column":28}},{"start":{"line":254,"column":33},"end":{"line":254,"column":56}},{"start":{"line":254,"column":60},"end":{"line":254,"column":84}}]},"24":{"line":256,"type":"if","locations":[{"start":{"line":256,"column":16},"end":{"line":256,"column":16}},{"start":{"line":256,"column":16},"end":{"line":256,"column":16}}]},"25":{"line":261,"type":"if","locations":[{"start":{"line":261,"column":20},"end":{"line":261,"column":20}},{"start":{"line":261,"column":20},"end":{"line":261,"column":20}}]},"26":{"line":264,"type":"if","locations":[{"start":{"line":264,"column":20},"end":{"line":264,"column":20}},{"start":{"line":264,"column":20},"end":{"line":264,"column":20}}]},"27":{"line":273,"type":"if","locations":[{"start":{"line":273,"column":12},"end":{"line":273,"column":12}},{"start":{"line":273,"column":12},"end":{"line":273,"column":12}}]},"28":{"line":276,"type":"if","locations":[{"start":{"line":276,"column":12},"end":{"line":276,"column":12}},{"start":{"line":276,"column":12},"end":{"line":276,"column":12}}]},"29":{"line":280,"type":"if","locations":[{"start":{"line":280,"column":16},"end":{"line":280,"column":16}},{"start":{"line":280,"column":16},"end":{"line":280,"column":16}}]},"30":{"line":298,"type":"if","locations":[{"start":{"line":298,"column":16},"end":{"line":298,"column":16}},{"start":{"line":298,"column":16},"end":{"line":298,"column":16}}]},"31":{"line":313,"type":"binary-expr","locations":[{"start":{"line":313,"column":18},"end":{"line":313,"column":25}},{"start":{"line":313,"column":29},"end":{"line":313,"column":31}}]},"32":{"line":314,"type":"binary-expr","locations":[{"start":{"line":314,"column":25},"end":{"line":314,"column":39}},{"start":{"line":314,"column":43},"end":{"line":314,"column":48}}]},"33":{"line":315,"type":"binary-expr","locations":[{"start":{"line":315,"column":25},"end":{"line":315,"column":39}},{"start":{"line":315,"column":43},"end":{"line":315,"column":48}}]},"34":{"line":387,"type":"if","locations":[{"start":{"line":387,"column":16},"end":{"line":387,"column":16}},{"start":{"line":387,"column":16},"end":{"line":387,"column":16}}]},"35":{"line":394,"type":"if","locations":[{"start":{"line":394,"column":24},"end":{"line":394,"column":24}},{"start":{"line":394,"column":24},"end":{"line":394,"column":24}}]},"36":{"line":396,"type":"if","locations":[{"start":{"line":396,"column":32},"end":{"line":396,"column":32}},{"start":{"line":396,"column":32},"end":{"line":396,"column":32}}]}},"code":["'use strict';","","const _ = require('lodash');","const path = require('path');","const fs = require('fs');","const Datastore = require('nedb');","const DatabaseClient = require('./client');","","const urlToPath = function(url) {","    if (url.indexOf('nedb://') > -1) {","        return url.slice(7, url.length);","    }","    return url;","};","","const getCollectionPath = function(dbLocation, collection) {","    if
[...]
o ' + that.collectionName() + '.' + key +","                    ' should be in choices [' + that._schema[key].choices.join(', ') + '], got ' + value);","            }","","            if (isNumber(that._schema[key].min) && value < that._schema[key].min) {","                throw new ValidationError('Value assigned to ' + that.collectionName() + '.' + key +","                    ' is less than min, ' + that._schema[key].min + ', got ' + value);","            }","","            if (isNumber(that._schema[key].max) && value > that._schema[key].max) {","                throw new ValidationError('Value assigned to ' + that.collectionName() + '.' + key +","                    ' is less than max, ' + that._schema[key].max + ', got ' + value);","            }","","            if (typeof(that._schema[key].validate) === 'function' && !that._schema[key].validate(value)) {","                throw new ValidationError('Value assigned to ' + that.collectionName() + '.' + key +","                    ' failed custom validator. Value was ' + value);","            }","        });","    }","","    /*","     * Right now this only canonicalizes dates (integer timestamps","     * get converted to Date objects), but maybe we should do the","     * same for strings (UTF, Unicode, ASCII, etc)?","     */","    canonicalize() {","        const that = this;","","        _.keys(that._schema).forEach(function(key) {","            let value = that[key];","            ","            if (that._schema[key].type === Date && isDate(value)) {","                that[key] = new Date(value);","            } else if (value !== null && value !== undefined && ","                value.documentClass && value.documentClass() === 'embedded') {","                // TODO: This should probably be in Document, not BaseDocument","                value.canonicalize();","                return;","            }","        });","    }","","    /**","     * Create new document from data","     *","     * @param {Object} data","     * @returns {Document}","     */","    static create(data) {","        this.createIndexes();","","        if (typeof(data) !== 'undefined') {","            return this._fromData(data);","        }","","        return this._instantiate();","    }","","    static createIndexes() { }","","    /**","     * Create new document from self","     *","     * @returns {BaseDocument}","     * @private","     */","    static _instantiate() {","        let instance = new this();","        instance.generateSchema();","        return instance;","    }","","    // TODO: Should probably move some of this to ","    // Embedded and Document classes since Base shouldn't","    // need to know about child classes","    static _fromData(datas) {","        const that = this;","","        if (!isArray(datas)) {","            datas = [datas];","        }","","        let documents = [];","        let embeddedPromises = [];","        datas.forEach(function(d) {","            let instance = that._instantiate();","            _.keys(d).forEach(function(key) {","                let value = null;","                if (d[key] === null) {","                    value = instance.getDefault(key);","                } else {","                    value = d[key];","                }","","                // If its not in the schema, we don't care about it... right?","                if (key in instance._schema) {","","                    let type = instance._schema[key].type;","","                    if (type.documentClass && type.documentClass() === 'embedded') {","                        // Initialize EmbeddedDocument","                        instance[key] = type._fromData(value);","                    } else if (isArray(type) && type.length > 0 && ","                        type[0].documentClass && type[0].documentClass() === 'embedded') {","                        // Initialize array of EmbeddedDocuments","                        instance[key] = [];","                        value.forEach(function(v, i) {","                            instance[key][i] = type[0]._fromData(v);","                        });","                    } else {","                        // Initialize primitive or array of primitives","                        instance[key] = value;","                    }","                } else if (key in instance) {","                    // Handles virtual setters","                    instance[key] = value;","                }","            });","","            documents.push(instance);","        });","","        if (documents.length === 1) {","            return documents[0];","        }","        return documents;","    }","","    populate() {","        return BaseDocument.populate(this);","    }","","    /**","     * Populates document references","     *","     * TODO : EMBEDDED","     * @param {Array|Document} docs","     * @param {Array} fields","     * @returns {Promise}","     */","    static populate(docs, fields) {","        if (!docs) return Promise.all([]);","","        let documents = null;","","        if (!isArray(docs)) {","            documents = [docs];","        } else if (docs.length < 1) {","            return Promise.all(docs);","        } else {","            documents = docs;","        }","","        // Load all 1-level-deep references","        // First, find all unique keys needed to be loaded...","        let keys = [];","","        // TODO: Bad assumption: Not all documents in the database will have the same schema...","        // Hmm, if this is true, thats an error on the user. Right?","        let anInstance = documents[0];","","        _.keys(anInstance._schema).forEach(function(key) {","            // Only populate specified fields","            if (isArray(fields) && fields.indexOf(key) < 0) {","                return;","            }","","            // Handle array of references (ex: { type: [MyObject] })","            if (isArray(anInstance._schema[key].type) &&","                anInstance._schema[key].type.length > 0 &&","                isDocument(anInstance._schema[key].type[0])) {","                keys.push(key);","            }","            // Handle anInstance[key] being a string id, a native id, or a Document instance","            else if ((isString(anInstance[key]) || DB().isNativeId(anInstance[key])) &&","                     isDocument(anInstance._schema[key].type)) {","                keys.push(key);","            }","        });","","        // ...then get all ids for each type of reference to be loaded...","        // ids = {","        //      houses: {","        //          'abc123': ['ak23lj', '2kajlc', 'ckajl32'],","        //          'l2jo99': ['28dsa0']","        //      },","        //      friends: {","        //          '1039da': ['lj0adf', 'k2jha']","        //      }","        //}","        let ids = {};","        keys.forEach(function(k) {","            ids[k] = {};","            documents.forEach(function(d) {","                ids[k][DB().toCanonicalId(d._id)] = [].concat(d[k]);     // Handles values and arrays","","                // Also, initialize document member arrays","                // to assign to later if needed","                if (isArray(d[k])) {","                    d[k] = [];","                }","            });","        });","","        // TODO: Is this really the most efficient","        // way to do this? Maybe make a master list","        // of all objects that need to be loaded (separated","        // by type), load those, and then search through","        // ids to see where dereferenced objects should","        // go?","","        // ...then for each array of ids, load them all...","        let loadPromises = [];","        _.keys(ids).forEach(function(key) {","            let keyIds = [];","            _.keys(ids[key]).forEach(function(k) {","                // Before adding to list, we convert id to the","                // backend database's native ID format.","                keyIds = keyIds.concat(ids[key][k]);","            });","","            // Only want to load each reference once","            keyIds = _.unique(keyIds);","","            // Handle array of references (like [MyObject])","            let type = null;","            if (isArray(anInstance._schema[key].type)) {","                type = anInstance._schema[key].type[0];","            } else {","                type = anInstance._schema[key].type;","            }","","            // Bulk load dereferences","            let p = type.find({ '_id': { $in: keyIds } }, { populate: false })","            .then(function(dereferences) {","                // Assign each dereferenced object to parent","","                _.keys(ids[key]).forEach(function(k) {","                    // TODO: Replace with documents.find when able","                    // Find the document to assign the derefs to","                    let doc;","                    documents.forEach(function(d) {","                        if (DB().toCanonicalId(d._id) === k) doc = d;","                    });","","                    // For all ids to be dereferenced, find the","                    // deref and assign or push it","                    ids[key][k].forEach(function(id) {","                        // TODO: Replace with dereferences.find when able","                        // Find the right dereference","                        let deref;","                        dereferences.forEach(function(d) {","                            if (DB().toCanonicalId(d._id) === DB().toCanonicalId(id)) deref = d;","                        });","","                        if (isArray(anInstance._schema[key].type)) {","                            doc[key].push(deref);","                        } else {","                            doc[key] = deref;","                        }","                    });","                });","            });","","            loadPromises.push(p);","        });","","        // ...and finally execute all promises and return our","        // fully loaded documents.","        return Promise.all(loadPromises).then(function() {","            return docs;","        });","    }","","    /**","     * Get default value","     *","     * @param {String} schemaProp Key of current schema","     * @returns {*}","     */","    getDefault(schemaProp) {","        if (schemaProp in this._schema && 'default' in this._schema[schemaProp]) {","            let def = this._schema[schemaProp].default;","            let defVal = typeof(def) === 'function' ? def() : def;","            this[schemaProp] = defVal;  // TODO: Wait... should we be assigning it here?","            return defVal;","        } else if (schemaProp === '_id') {","            return null;","        }","","        return undefined;","    }","","    /**","     * For JSON.Stringify","     *","     * @returns {*}","     */","    toJSON() {","        let values = this._toData({_id: true});","        let schema = this._schema;","        for (let key in schema) {","            if (schema.hasOwnProperty(key)) {","                if (schema[key].private){","                    delete values[key];","                } else if (values[key] && values[key].toJSON) {","                    values[key] = values[key].toJSON();","                } else if (isArray(values[key])) {","                    let newArray = [];","                    values[key].forEach(function(i) {","                        if (i && i.toJSON) {","                            newArray.push(i.toJSON());","                        } else {","                            newArray.push(i);","                        }","                    });","                    values[key] = newArray;","                }","            }","        }","","        return values;","    }","","    /**","     *","     * @param keep","     * @returns {{}}","     * @private","     */","    _toData(keep) {","        const that = this;","","        if (keep === undefined || keep === null) {","            keep = {};","        } else if (keep._id === undefined) {","            keep._id = true;","        }","","        let values = {};","        _.keys(this).forEach(function(k) {","            if (_.startsWith(k, '_')) {","                if (k !== '_id' || !keep._id) {","                    return;","                } else {","                    values[k] = that[k];","                }","            } else if (isEmbeddedDocument(that[k])) {","                values[k] = that[k]._toData();","            } else if (isArray(that[k]) && that[k].length > 0 && isEmbeddedDocument(that[k][0])) {","                values[k] = [];","                that[k].forEach(function(v) {","                    values[k].push(v._toData());","                });","            } else {","                values[k] = that[k];","            }","        });","","        return values;","    }","","    _getEmbeddeds() {","        const that = this;","","        let embeddeds = [];","        _.keys(this._schema).forEach(function(v) {","            if (isEmbeddedDocument(that._schema[v].type) ||","                (isArray(that._schema[v].type) && isEmbeddedDocument(that._schema[v].type[0]))) {","                embeddeds = embeddeds.concat(that[v]);","            }","        });","        return embeddeds;","    }","","    _getHookPromises(hookName) {","        let embeddeds = this._getEmbeddeds();","","        let hookPromises = [];","        hookPromises = hookPromises.concat(_.invoke(embeddeds, hookName));","        hookPromises.push(this[hookName]());","        return hookPromises;","    }","}","","module.exports = BaseDocument;"],"l":{"3":1,"4":1,"5":1,"6":1,"7":1,"8":1,"9":1,"10":1,"11":1,"12":1,"13":1,"14":1,"15":1,"16":1,"18":1,"21":0,"22":0,"23":0,"24":0,"25":0,"27":0,"31":0,"36":0,"40":0,"47":0,"51":0,"57":0,"58":0,"61":0,"72":0,"73":0,"74":0,"77":0,"81":0,"82":0,"86":0,"87":0,"95":0,"97":0,"98":0,"99":0,"129":0,"131":0,"133":0,"134":0,"138":0,"141":0,"142":0,"144":0,"158":0,"160":0,"161":0,"164":0,"165":0,"166":0,"167":0,"168":0,"169":0,"170":0,"171":0,"174":0,"178":0,"180":0,"181":0,"182":0,"183":0,"184":0,"185":0,"187":0,"190":0,"192":0,"194":0,"196":0,"200":0,"201":0,"205":0,"206":0,"210":0,"211":0,"215":0,"216":0,"220":0,"221":0,"225":0,"226":0,"238":0,"240":0,"241":0,"243":0,"244":0,"245":0,"248":0,"249":0,"261":0,"263":0,"264":0,"267":0,"279":0,"280":0,"281":0,"288":0,"290":0,"291":0,"294":0,"295":0,"296":0,"297":0,"298":0,"299":0,"300":0,"301":0,"303":0,"307":0,"309":0,"311":0,"313":0,"314":0,"317":0,"318":0,"319":0,"323":0,"325":0,"327":0,"331":0,"334":0,"335":0,"337":0,"341":0,"353":0,"355":0,"357":0,"358":0,"359":0,"360":0,"362":0,"367":0,"371":0,"373":0,"375":0,"376":0,"380":0,"383":0,"386":0,"388":0,"402":0,"403":0,"404":0,"405":0,"406":0,"410":0,"411":0,"424":0,"425":0,"426":0,"427":0,"430":0,"434":0,"437":0,"438":0,"439":0,"441":0,"445":0,"449":0,"452":0,"453":0,"454":0,"459":0,"462":0,"463":0,"464":0,"467":0,"468":0,"470":0,"476":0,"481":0,"482":0,"493":0,"494":0,"495":0,"496":0,"497":0,"498":0,"499":0,"502":0,"511":0,"512":0,"513":0,"514":0,"515":0,"516":0,"517":0,"518":0,"519":0,"520":0,"521":0,"522":0,"523":0,"525":0,"528":0,"533":0,"543":0,"545":0,"546":0,"547":0,"548":0,"551":0,"552":0,"553":0,"554":0,"555":0,"557":0,"559":0,"560":0,"561":0,"562":0,"563":0,"564":0,"567":0,"571":0,"575":0,"577":0,"578":0,"579":0,"581":0,"584":0,"588":0,"590":0,"591":0,"592":0,"593":0,"597":1}},"/home/travis/build/npmtest/node-npmtest-camo/node_modules/camo/lib/errors.js":{"path":"/home/travis/build/npmtest/node-npmtest-camo/node_modules/camo/lib/errors.js","s":{"1":0,"2":0,"3":0,"4":0,"5":0,"6":0,"7":0,"8":0,"9":1,"10":1},"b":{"1":[0,0]},"f":{"1":0,"2":0},"fnMap":{"1":{"name":"(anonymous_1)","line":9,"loc":{"start":{"line":9,"column":15},"end":{"line":9,"column":25}}},"2":{"name":"(anonymous_2)","line":39,"loc":{"start":{"line":39,"column":15},"end":{"line":39,"column":25}}}},"statementMap":{"1":{"start":{"line":10,"column":8},"end":{"line":10,"column":23}},"2":{"start":{"line":13,"column":8},"end":{"line":16,"column":11}},"3":{"start":{"line":18,"column":8},"end":{"line":21,"column":11}},"4":{"start":{"line":23,"column":8},"end":{"line":26,"column":9}},"5":{"start":{"line":24,"column":12},"end":{"line":24,"column":60}},"6":{"start":{"line":25,"column":12},"end":{"line":25,"column":19}},"7":{"start":{"line":28,"column":8},"end":{"line":31,"column":11}},"8":{"start":{"line":40,"column":8},"end":{"line":40,"column":23}},"9":{"start":{"line":44,"column":0},"end":{"line":44,"column":30}},"10":{"start":{"line":45,"column":0},"end":{"line":45,"column":42}}},"branchMap":{"1":{"line":23,"type":"if","locations":[{"start":{"line":23,"column":8},"end":{"line":23,"column":8}},{"start":{"line":23,"column":8},"end":{"line":23,"column":8}}]}},"code":["'use strict';","","/*"," * Base Camo error."," * "," * Adapted from es6-error package."," */","class CamoError extends Error {","    constructor(message) {","        super(message);","","        // Extending Error is weird and does not propagate `message`","        Object.defineProperty(this, 'message', {","            enumerable : false,","            value : message","        });","","        Object.defineProperty(this, 'name', {","            enumerable : false,","            value : this.constructor.name,","        });","","        if (Error.hasOwnProperty('captureStackTrace')) {","            Error.captureStackTrace(this, this.constructor);","            return;","        }","","        Object.defineProperty(this, 'stack', {","            enumerable : false,","            value : (new Error(message)).stack,","        });","    }","}","","/*"," * Error indicating document didn't pass validation."," */","class ValidationError extends CamoError {","    constructor(message) {","        super(message);","    }","}","","exports.CamoError = CamoError;","exports.ValidationError = ValidationError;"],"l":{"10":0,"13":0,"18":0,"23":0,"24":0,"25":0,"28":0,"40":0,"44":1,"45":1}},"/home/travis/build/npmtest/node-npmtest-camo/node_modules/camo/lib/embedded-document.js":{"path":"/home/travis/build/npmtest/node-npmtest-camo/node_modules/camo/lib/embedded-document.js","s":{"1":1,"2":0,"3":0,"4":0,"5":0,"6":0,"7":1},"b":{},"f":{"1":0,"2":0,"3":0},"fnMap":{"1":{"name":"(anonymous_1)","line":6,"loc":{"start":{"line":6,"column":15},"end":{"line":6,"column":18}}},"2":{"name":"(anonymous_2)","line":22,"loc":{"start":{"line":22,"column":24},"end":{"line":22,"column":27}}},"3":{"name":"(anonymous_3)","line":26,"loc":{"start":{"line":26,"column":17},"end":{"line":26,"column":20}}}},"statementMap":{"1":{"start":{"line":3,"column":0},"end":{"line":3,"column":48}},"2":{"start":{"line":7,"column":8},"end":{"line":7,"column":16}},"3":{"start":{"line":15,"column":8},"end":{"line":15,"column":32}},"4":{"start":{"line":16,"column":8},"end":{"line":16,"column":24}},"5":{"start":{"line":23,"column":8},"end":{"line":23,"column":26}},"6":{"start":{"line":27,"column":8},"end":{"line":27,"column":26}},"7":{"start":{"line":31,"column":0},"end":{"line":31,"column":34}}},"branchMap":{},"code":["'use strict';","","const BaseDocument = require('./base-document');","","class EmbeddedDocument extends BaseDocument {","    constructor() {","        super();","","        // TODO: Move _id logic out of BaseDocument.","        // A better fix to this issue is to remove","        // _schema._id and _id from BaseDocument. But","        // since quite a bit of _id logic is still","        // in BD, we'll have to use this fix until","        // it is removed","        delete this._schema._id;","        delete this._id;","    }","","    // TODO: Is there a way to tell if a class is","    // a subclass of something? Until I find out","    // how, we'll be lazy use this.","    static documentClass() {","        return 'embedded';","    }","","    documentClass() {","        return 'embedded';","    }","}","","module.exports = EmbeddedDocument;"],"l":{"3":1,"7":0,"15":0,"16":0,"23":0,"27":0,"31":1}}}